<!DOCTYPE html>

<html>
  <head>
  <meta charset='utf-8'>
  <title>TestNG reports</title>

    <link type="text/css" href="testng-reports1.css" rel="stylesheet" id="ultra" />
    <link type="text/css" href="testng-reports.css" rel="stylesheet" id="retro" disabled="false"/>
    <script type="text/javascript" src="jquery.min.js"></script>
    <script type="text/javascript" src="testng-reports.js"></script>
    <script type="text/javascript" src="https://www.google.com/jsapi"></script>
    <script type='text/javascript'>
      google.load('visualization', '1', {packages:['table']});
      google.setOnLoadCallback(drawTable);
      var suiteTableInitFunctions = new Array();
      var suiteTableData = new Array();
    </script>
    <!--
      <script type="text/javascript" src="jquery-ui/js/jquery-ui-1.8.16.custom.min.js"></script>
     -->
  </head>

  <body>
    <div class="top-banner-root">
      <span class="top-banner-title-font">Test results</span>
      <button id="button" class="button">Switch Retro Theme</button> <!-- button -->
      <br/>
      <span class="top-banner-font-1">1 suite, 22 failed tests</span>
    </div> <!-- top-banner-root -->
    <div class="navigator-root">
      <div class="navigator-suite-header">
        <span>All suites</span>
        <a href="#" title="Collapse/expand all the suites" class="collapse-all-link">
          <img src="collapseall.gif" class="collapse-all-icon">
          </img> <!-- collapse-all-icon -->
        </a> <!-- collapse-all-link -->
      </div> <!-- navigator-suite-header -->
      <div class="suite">
        <div class="rounded-window">
          <div class="suite-header light-rounded-window-top">
            <a href="#" panel-name="suite-Suite" class="navigator-link">
              <span class="suite-name border-failed">Suite</span>
            </a> <!-- navigator-link -->
          </div> <!-- suite-header light-rounded-window-top -->
          <div class="navigator-suite-content">
            <div class="suite-section-title">
              <span>Info</span>
            </div> <!-- suite-section-title -->
            <div class="suite-section-content">
              <ul>
                <li>
                  <a href="#" panel-name="test-xml-Suite" class="navigator-link ">
                    <span>C:\Users\Anishkumar\eclipse-workspacePoc\Web_HybridFrameworkPOCIntegration\testng.xml</span>
                  </a> <!-- navigator-link  -->
                </li>
                <li>
                  <a href="#" panel-name="testlist-Suite" class="navigator-link ">
                    <span class="test-stats">1 test</span>
                  </a> <!-- navigator-link  -->
                </li>
                <li>
                  <a href="#" panel-name="group-Suite" class="navigator-link ">
                    <span>0 groups</span>
                  </a> <!-- navigator-link  -->
                </li>
                <li>
                  <a href="#" panel-name="times-Suite" class="navigator-link ">
                    <span>Times</span>
                  </a> <!-- navigator-link  -->
                </li>
                <li>
                  <a href="#" panel-name="reporter-Suite" class="navigator-link ">
                    <span>Reporter output</span>
                  </a> <!-- navigator-link  -->
                </li>
                <li>
                  <a href="#" panel-name="ignored-methods-Suite" class="navigator-link ">
                    <span>Ignored methods</span>
                  </a> <!-- navigator-link  -->
                </li>
                <li>
                  <a href="#" panel-name="chronological-Suite" class="navigator-link ">
                    <span>Chronological view</span>
                  </a> <!-- navigator-link  -->
                </li>
              </ul>
            </div> <!-- suite-section-content -->
            <div class="result-section">
              <div class="suite-section-title">
                <span>Results</span>
              </div> <!-- suite-section-title -->
              <div class="suite-section-content">
                <ul>
                  <li>
                    <span class="method-stats">28 methods, 22 failed,   6 passed</span>
                  </li>
                  <li>
                    <span class="method-list-title failed">Failed methods</span>
                    <span class="show-or-hide-methods failed">
                      <a href="#" panel-name="suite-Suite" class="hide-methods failed suite-Suite"> (hide)</a> <!-- hide-methods failed suite-Suite -->
                      <a href="#" panel-name="suite-Suite" class="show-methods failed suite-Suite"> (show)</a> <!-- show-methods failed suite-Suite -->
                    </span>
                    <div class="method-list-content failed suite-Suite">
                      <span>
                        <img src="failed.png" width="3%"/>
                        <a href="#" panel-name="suite-Suite" title="com.stc.test.HomeMenu" class="method navigator-link" hash-for-method="AllDeviceMenu">AllDeviceMenu</a> <!-- method navigator-link -->
                      </span>
                      <br/>
                      <span>
                        <img src="failed.png" width="3%"/>
                        <a href="#" panel-name="suite-Suite" title="com.stc.test.HomePayTest" class="method navigator-link" hash-for-method="LoginUser_PostPaid_Pay">LoginUser_PostPaid_Pay</a> <!-- method navigator-link -->
                      </span>
                      <br/>
                      <span>
                        <img src="failed.png" width="3%"/>
                        <a href="#" panel-name="suite-Suite" title="com.stc.test.HomeMenu" class="method navigator-link" hash-for-method="MobilePrepaidMenu">MobilePrepaidMenu</a> <!-- method navigator-link -->
                      </span>
                      <br/>
                      <span>
                        <img src="failed.png" width="3%"/>
                        <a href="#" panel-name="suite-Suite" title="com.stc.test.HomeMenu" class="method navigator-link" hash-for-method="PopularBrandMenu">PopularBrandMenu</a> <!-- method navigator-link -->
                      </span>
                      <br/>
                      <span>
                        <img src="failed.png" width="3%"/>
                        <a href="#" panel-name="suite-Suite" title="com.stc.test.DashboardUsageTest" class="method navigator-link" hash-for-method="SC_02_PrepaidBalanceRecharge">SC_02_PrepaidBalanceRecharge</a> <!-- method navigator-link -->
                      </span>
                      <br/>
                      <span>
                        <img src="failed.png" width="3%"/>
                        <a href="#" panel-name="suite-Suite" title="com.stc.test.PayTest" class="method navigator-link" hash-for-method="SC_04_SingleLine_PostPaid_Pay_Scenario">SC_04_SingleLine_PostPaid_Pay_Scenario</a> <!-- method navigator-link -->
                      </span>
                      <br/>
                      <span>
                        <img src="failed.png" width="3%"/>
                        <a href="#" panel-name="suite-Suite" title="com.stc.test.PayTest" class="method navigator-link" hash-for-method="SC_06_AddCard_Pay">SC_06_AddCard_Pay</a> <!-- method navigator-link -->
                      </span>
                      <br/>
                      <span>
                        <img src="failed.png" width="3%"/>
                        <a href="#" panel-name="suite-Suite" title="com.stc.test.PayTwoTest" class="method navigator-link" hash-for-method="SC_07_Prepaid_Pay">SC_07_Prepaid_Pay</a> <!-- method navigator-link -->
                      </span>
                      <br/>
                      <span>
                        <img src="failed.png" width="3%"/>
                        <a href="#" panel-name="suite-Suite" title="com.stc.test.User_GetNewLineTest" class="method navigator-link" hash-for-method="SC_08_User_Mobile_PrePaidScenario">SC_08_User_Mobile_PrePaidScenario</a> <!-- method navigator-link -->
                      </span>
                      <br/>
                      <span>
                        <img src="failed.png" width="3%"/>
                        <a href="#" panel-name="suite-Suite" title="com.stc.test.User_GetNewLineTest" class="method navigator-link" hash-for-method="SC_09_User_Mobile_PostPaidScenario">SC_09_User_Mobile_PostPaidScenario</a> <!-- method navigator-link -->
                      </span>
                      <br/>
                      <span>
                        <img src="failed.png" width="3%"/>
                        <a href="#" panel-name="suite-Suite" title="com.stc.test.User_GetNewLineTest" class="method navigator-link" hash-for-method="SC_10_User_Internet_PrePaidScenario">SC_10_User_Internet_PrePaidScenario</a> <!-- method navigator-link -->
                      </span>
                      <br/>
                      <span>
                        <img src="failed.png" width="3%"/>
                        <a href="#" panel-name="suite-Suite" title="com.stc.test.User_GetNewLineTest" class="method navigator-link" hash-for-method="SC_11_User_Internet_PostPaidScenario">SC_11_User_Internet_PostPaidScenario</a> <!-- method navigator-link -->
                      </span>
                      <br/>
                      <span>
                        <img src="failed.png" width="3%"/>
                        <a href="#" panel-name="suite-Suite" title="com.stc.test.guestTest" class="method navigator-link" hash-for-method="SC_13_AddCardScenario">SC_13_AddCardScenario</a> <!-- method navigator-link -->
                      </span>
                      <br/>
                      <span>
                        <img src="failed.png" width="3%"/>
                        <a href="#" panel-name="suite-Suite" title="com.stc.test.QitafTest" class="method navigator-link" hash-for-method="SC_14_Qitaf_Scenario">SC_14_Qitaf_Scenario</a> <!-- method navigator-link -->
                      </span>
                      <br/>
                      <span>
                        <img src="failed.png" width="3%"/>
                        <a href="#" panel-name="suite-Suite" title="com.stc.test.QitafTest" class="method navigator-link" hash-for-method="SC_16_Partners">SC_16_Partners</a> <!-- method navigator-link -->
                      </span>
                      <br/>
                      <span>
                        <img src="failed.png" width="3%"/>
                        <a href="#" panel-name="suite-Suite" title="com.stc.test.ProfileTest" class="method navigator-link" hash-for-method="SC_17_VerifyProfile">SC_17_VerifyProfile</a> <!-- method navigator-link -->
                      </span>
                      <br/>
                      <span>
                        <img src="failed.png" width="3%"/>
                        <a href="#" panel-name="suite-Suite" title="com.stc.test.ProfileTest" class="method navigator-link" hash-for-method="SC_18_Setting">SC_18_Setting</a> <!-- method navigator-link -->
                      </span>
                      <br/>
                      <span>
                        <img src="failed.png" width="3%"/>
                        <a href="#" panel-name="suite-Suite" title="com.stc.test.ProfileTest" class="method navigator-link" hash-for-method="SC_18_SettingNumberProperties">SC_18_SettingNumberProperties</a> <!-- method navigator-link -->
                      </span>
                      <br/>
                      <span>
                        <img src="failed.png" width="3%"/>
                        <a href="#" panel-name="suite-Suite" title="com.stc.test.GetNewLine_Guest" class="method navigator-link" hash-for-method="SC_19_Guest_Mobile_PrePaidScenario">SC_19_Guest_Mobile_PrePaidScenario</a> <!-- method navigator-link -->
                      </span>
                      <br/>
                      <span>
                        <img src="failed.png" width="3%"/>
                        <a href="#" panel-name="suite-Suite" title="com.stc.test.GetNewLine_Guest4" class="method navigator-link" hash-for-method="SC_20_Guest_Internet_PostpaidScenario">SC_20_Guest_Internet_PostpaidScenario</a> <!-- method navigator-link -->
                      </span>
                      <br/>
                      <span>
                        <img src="failed.png" width="3%"/>
                        <a href="#" panel-name="suite-Suite" title="com.stc.test.GetNewLine_Guest3" class="method navigator-link" hash-for-method="SC_20_Guest_Internet_PrepaidScenario">SC_20_Guest_Internet_PrepaidScenario</a> <!-- method navigator-link -->
                      </span>
                      <br/>
                      <span>
                        <img src="failed.png" width="3%"/>
                        <a href="#" panel-name="suite-Suite" title="com.stc.test.GetNewLine_Guest2" class="method navigator-link" hash-for-method="SC_20_Guest_Mobile_PostPaidScenario">SC_20_Guest_Mobile_PostPaidScenario</a> <!-- method navigator-link -->
                      </span>
                      <br/>
                    </div> <!-- method-list-content failed suite-Suite -->
                  </li>
                  <li>
                    <span class="method-list-title passed">Passed methods</span>
                    <span class="show-or-hide-methods passed">
                      <a href="#" panel-name="suite-Suite" class="hide-methods passed suite-Suite"> (hide)</a> <!-- hide-methods passed suite-Suite -->
                      <a href="#" panel-name="suite-Suite" class="show-methods passed suite-Suite"> (show)</a> <!-- show-methods passed suite-Suite -->
                    </span>
                    <div class="method-list-content passed suite-Suite">
                      <span>
                        <img src="passed.png" width="3%"/>
                        <a href="#" panel-name="suite-Suite" title="com.stc.test.HomePayTest" class="method navigator-link" hash-for-method="AddCard_Pay">AddCard_Pay</a> <!-- method navigator-link -->
                      </span>
                      <br/>
                      <span>
                        <img src="passed.png" width="3%"/>
                        <a href="#" panel-name="suite-Suite" title="com.stc.test.BaityTest" class="method navigator-link" hash-for-method="Baity_Login">Baity_Login</a> <!-- method navigator-link -->
                      </span>
                      <br/>
                      <span>
                        <img src="passed.png" width="3%"/>
                        <a href="#" panel-name="suite-Suite" title="com.stc.test.HomeMenu" class="method navigator-link" hash-for-method="MobilePostPaidMenu">MobilePostPaidMenu</a> <!-- method navigator-link -->
                      </span>
                      <br/>
                      <span>
                        <img src="passed.png" width="3%"/>
                        <a href="#" panel-name="suite-Suite" title="com.stc.test.HomeMenu" class="method navigator-link" hash-for-method="MoreFromSTCMenu">MoreFromSTCMenu</a> <!-- method navigator-link -->
                      </span>
                      <br/>
                      <span>
                        <img src="passed.png" width="3%"/>
                        <a href="#" panel-name="suite-Suite" title="com.stc.test.guestTest" class="method navigator-link" hash-for-method="SC_12_QuickPayScenario">SC_12_QuickPayScenario</a> <!-- method navigator-link -->
                      </span>
                      <br/>
                      <span>
                        <img src="passed.png" width="3%"/>
                        <a href="#" panel-name="suite-Suite" title="com.stc.test.guestTest" class="method navigator-link" hash-for-method="eStore">eStore</a> <!-- method navigator-link -->
                      </span>
                      <br/>
                    </div> <!-- method-list-content passed suite-Suite -->
                  </li>
                </ul>
              </div> <!-- suite-section-content -->
            </div> <!-- result-section -->
          </div> <!-- navigator-suite-content -->
        </div> <!-- rounded-window -->
      </div> <!-- suite -->
    </div> <!-- navigator-root -->
    <div class="wrapper">
      <div class="main-panel-root">
        <div panel-name="suite-Suite" class="panel Suite">
          <div class="suite-Suite-class-failed">
            <div class="main-panel-header rounded-window-top">
              <img src="failed.png"/>
              <span class="class-name">com.stc.test.PayTest</span>
            </div> <!-- main-panel-header rounded-window-top -->
            <div class="main-panel-content rounded-window-bottom">
              <div class="method">
                <div class="method-content">
                  <a name="SC_04_SingleLine_PostPaid_Pay_Scenario">
                  </a> <!-- SC_04_SingleLine_PostPaid_Pay_Scenario -->
                  <span class="method-name">SC_04_SingleLine_PostPaid_Pay_Scenario</span>
                  <div class="stack-trace">org.openqa.selenium.ElementClickInterceptedException: element click intercepted: Element &lt;button class=&quot;close-icon&quot; aria-label=&quot;close&quot;&gt;...&lt;/button&gt; is not clickable at point (1466, 615). Other element would receive the click: &lt;div class=&quot;&quot;&gt;...&lt;/div&gt;
  (Session info: MicrosoftEdge=128.0.2739.79)
Build info: version: &apos;4.18.1&apos;, revision: &apos;b1d3319b48&apos;
System info: os.name: &apos;Windows 11&apos;, os.arch: &apos;amd64&apos;, os.version: &apos;10.0&apos;, java.version: &apos;11.0.21&apos;
Driver info: org.openqa.selenium.edge.EdgeDriver
Command: [d69b43fc9804e3da65d511f2205fbf8e, clickElement {id=f.7A9038824B0926871F887505BE584F68.d.553ED9BE8B11EFC97B08E82CB5A6E2F6.e.104}]
Capabilities {acceptInsecureCerts: false, browserName: MicrosoftEdge, browserVersion: 128.0.2739.79, fedcm:accounts: true, ms:edgeOptions: {debuggerAddress: localhost:53284}, msedge: {msedgedriverVersion: 128.0.2739.79 (9fa544bdb74f..., userDataDir: C:\Users\ANISHK~1\AppData\L...}, networkConnectionEnabled: false, pageLoadStrategy: normal, platformName: windows, proxy: Proxy(), se:cdp: ws://localhost:53284/devtoo..., se:cdpVersion: 128.0.2739.79, setWindowRect: true, strictFileInteractability: false, timeouts: {implicit: 0, pageLoad: 300000, script: 30000}, unhandledPromptBehavior: dismiss and notify, webauthn:extension:credBlob: true, webauthn:extension:largeBlob: true, webauthn:extension:minPinLength: true, webauthn:extension:prf: true, webauthn:virtualAuthenticators: true}
Element: [[EdgeDriver: MicrosoftEdge on windows (d69b43fc9804e3da65d511f2205fbf8e)] -&gt; xpath: (//button)[position()=31]]
Session ID: d69b43fc9804e3da65d511f2205fbf8e
	at org.openqa.selenium.remote.ErrorCodec.decode(ErrorCodec.java:167)
	at org.openqa.selenium.remote.codec.w3c.W3CHttpResponseCodec.decode(W3CHttpResponseCodec.java:138)
	at org.openqa.selenium.remote.codec.w3c.W3CHttpResponseCodec.decode(W3CHttpResponseCodec.java:50)
	at org.openqa.selenium.remote.HttpCommandExecutor.execute(HttpCommandExecutor.java:190)
	at org.openqa.selenium.remote.service.DriverCommandExecutor.invokeExecute(DriverCommandExecutor.java:216)
	at org.openqa.selenium.remote.service.DriverCommandExecutor.execute(DriverCommandExecutor.java:174)
	at org.openqa.selenium.remote.RemoteWebDriver.execute(RemoteWebDriver.java:519)
	at org.openqa.selenium.remote.RemoteWebElement.execute(RemoteWebElement.java:223)
	at org.openqa.selenium.remote.RemoteWebElement.click(RemoteWebElement.java:76)
	at org.openqa.selenium.support.pagefactory.internal.LocatingElementHandler.invoke(LocatingElementHandler.java:51)
	at com.sun.proxy.$Proxy22.click(Unknown Source)
	at com.stc.pages.QuickPayPage.setContinue(QuickPayPage.java:62)
	at com.stc.pages.LoginPage.PostPaidLogin(LoginPage.java:141)
	at com.stc.test.PayTest.SC_04_SingleLine_PostPaid_Pay_Scenario(PayTest.java:26)
	at java.base/java.util.ArrayList.forEach(ArrayList.java:1541)
... Removed 35 stack frames
</div> <!-- stack-trace -->
                </div> <!-- method-content -->
              </div> <!-- method -->
              <div class="method">
                <div class="method-content">
                  <a name="SC_06_AddCard_Pay">
                  </a> <!-- SC_06_AddCard_Pay -->
                  <span class="method-name">SC_06_AddCard_Pay</span>
                  <div class="stack-trace">org.openqa.selenium.NoSuchElementException: no such element: Unable to locate element: {&quot;method&quot;:&quot;xpath&quot;,&quot;selector&quot;:&quot;//span[contains(text(),&apos;Pay&apos;)]&quot;}
  (Session info: MicrosoftEdge=128.0.2739.79)
For documentation on this error, please visit: https://www.selenium.dev/documentation/webdriver/troubleshooting/errors#no-such-element-exception
Build info: version: &apos;4.18.1&apos;, revision: &apos;b1d3319b48&apos;
System info: os.name: &apos;Windows 11&apos;, os.arch: &apos;amd64&apos;, os.version: &apos;10.0&apos;, java.version: &apos;11.0.21&apos;
Driver info: org.openqa.selenium.edge.EdgeDriver
Command: [d69b43fc9804e3da65d511f2205fbf8e, findElement {using=xpath, value=//span[contains(text(),&apos;Pay&apos;)]}]
Capabilities {acceptInsecureCerts: false, browserName: MicrosoftEdge, browserVersion: 128.0.2739.79, fedcm:accounts: true, ms:edgeOptions: {debuggerAddress: localhost:53284}, msedge: {msedgedriverVersion: 128.0.2739.79 (9fa544bdb74f..., userDataDir: C:\Users\ANISHK~1\AppData\L...}, networkConnectionEnabled: false, pageLoadStrategy: normal, platformName: windows, proxy: Proxy(), se:cdp: ws://localhost:53284/devtoo..., se:cdpVersion: 128.0.2739.79, setWindowRect: true, strictFileInteractability: false, timeouts: {implicit: 0, pageLoad: 300000, script: 30000}, unhandledPromptBehavior: dismiss and notify, webauthn:extension:credBlob: true, webauthn:extension:largeBlob: true, webauthn:extension:minPinLength: true, webauthn:extension:prf: true, webauthn:virtualAuthenticators: true}
Session ID: d69b43fc9804e3da65d511f2205fbf8e
	at org.openqa.selenium.remote.ErrorCodec.decode(ErrorCodec.java:167)
	at org.openqa.selenium.remote.codec.w3c.W3CHttpResponseCodec.decode(W3CHttpResponseCodec.java:138)
	at org.openqa.selenium.remote.codec.w3c.W3CHttpResponseCodec.decode(W3CHttpResponseCodec.java:50)
	at org.openqa.selenium.remote.HttpCommandExecutor.execute(HttpCommandExecutor.java:190)
	at org.openqa.selenium.remote.service.DriverCommandExecutor.invokeExecute(DriverCommandExecutor.java:216)
	at org.openqa.selenium.remote.service.DriverCommandExecutor.execute(DriverCommandExecutor.java:174)
	at org.openqa.selenium.remote.RemoteWebDriver.execute(RemoteWebDriver.java:519)
	at org.openqa.selenium.remote.ElementLocation$ElementFinder$2.findElement(ElementLocation.java:165)
	at org.openqa.selenium.remote.ElementLocation.findElement(ElementLocation.java:59)
	at org.openqa.selenium.remote.RemoteWebDriver.findElement(RemoteWebDriver.java:356)
	at org.openqa.selenium.remote.RemoteWebDriver.findElement(RemoteWebDriver.java:350)
	at org.openqa.selenium.support.pagefactory.DefaultElementLocator.findElement(DefaultElementLocator.java:68)
	at org.openqa.selenium.support.pagefactory.internal.LocatingElementHandler.invoke(LocatingElementHandler.java:38)
	at com.sun.proxy.$Proxy22.click(Unknown Source)
	at com.stc.pages.SelfCardPage.setPay(SelfCardPage.java:28)
	at com.stc.test.PayTest.SC_06_AddCard_Pay(PayTest.java:77)
	at java.base/java.util.ArrayList.forEach(ArrayList.java:1541)
... Removed 31 stack frames
</div> <!-- stack-trace -->
                </div> <!-- method-content -->
              </div> <!-- method -->
            </div> <!-- main-panel-content rounded-window-bottom -->
          </div> <!-- suite-Suite-class-failed -->
          <div class="suite-Suite-class-failed">
            <div class="main-panel-header rounded-window-top">
              <img src="failed.png"/>
              <span class="class-name">com.stc.test.guestTest</span>
            </div> <!-- main-panel-header rounded-window-top -->
            <div class="main-panel-content rounded-window-bottom">
              <div class="method">
                <div class="method-content">
                  <a name="SC_13_AddCardScenario">
                  </a> <!-- SC_13_AddCardScenario -->
                  <span class="method-name">SC_13_AddCardScenario</span>
                  <div class="stack-trace">org.openqa.selenium.ElementClickInterceptedException: element click intercepted: Element &lt;button class=&quot;close-icon&quot; aria-label=&quot;close&quot;&gt;...&lt;/button&gt; is not clickable at point (1466, 615). Other element would receive the click: &lt;div class=&quot;&quot;&gt;...&lt;/div&gt;
  (Session info: MicrosoftEdge=128.0.2739.79)
Build info: version: &apos;4.18.1&apos;, revision: &apos;b1d3319b48&apos;
System info: os.name: &apos;Windows 11&apos;, os.arch: &apos;amd64&apos;, os.version: &apos;10.0&apos;, java.version: &apos;11.0.21&apos;
Driver info: org.openqa.selenium.edge.EdgeDriver
Command: [5ed5894209bc5446a616aa161371a1a8, clickElement {id=f.AF7B458E0595F9DA4F6D038555E7E8AB.d.CCB120028EE97B4C279C8A53612F1906.e.278}]
Capabilities {acceptInsecureCerts: false, browserName: MicrosoftEdge, browserVersion: 128.0.2739.79, fedcm:accounts: true, ms:edgeOptions: {debuggerAddress: localhost:59863}, msedge: {msedgedriverVersion: 128.0.2739.79 (9fa544bdb74f..., userDataDir: C:\Users\ANISHK~1\AppData\L...}, networkConnectionEnabled: false, pageLoadStrategy: normal, platformName: windows, proxy: Proxy(), se:cdp: ws://localhost:59863/devtoo..., se:cdpVersion: 128.0.2739.79, setWindowRect: true, strictFileInteractability: false, timeouts: {implicit: 0, pageLoad: 300000, script: 30000}, unhandledPromptBehavior: dismiss and notify, webauthn:extension:credBlob: true, webauthn:extension:largeBlob: true, webauthn:extension:minPinLength: true, webauthn:extension:prf: true, webauthn:virtualAuthenticators: true}
Element: [[EdgeDriver: MicrosoftEdge on windows (5ed5894209bc5446a616aa161371a1a8)] -&gt; xpath: (//button)[position()=31]]
Session ID: 5ed5894209bc5446a616aa161371a1a8
	at org.openqa.selenium.remote.ErrorCodec.decode(ErrorCodec.java:167)
	at org.openqa.selenium.remote.codec.w3c.W3CHttpResponseCodec.decode(W3CHttpResponseCodec.java:138)
	at org.openqa.selenium.remote.codec.w3c.W3CHttpResponseCodec.decode(W3CHttpResponseCodec.java:50)
	at org.openqa.selenium.remote.HttpCommandExecutor.execute(HttpCommandExecutor.java:190)
	at org.openqa.selenium.remote.service.DriverCommandExecutor.invokeExecute(DriverCommandExecutor.java:216)
	at org.openqa.selenium.remote.service.DriverCommandExecutor.execute(DriverCommandExecutor.java:174)
	at org.openqa.selenium.remote.RemoteWebDriver.execute(RemoteWebDriver.java:519)
	at org.openqa.selenium.remote.RemoteWebElement.execute(RemoteWebElement.java:223)
	at org.openqa.selenium.remote.RemoteWebElement.click(RemoteWebElement.java:76)
	at org.openqa.selenium.support.pagefactory.internal.LocatingElementHandler.invoke(LocatingElementHandler.java:51)
	at com.sun.proxy.$Proxy22.click(Unknown Source)
	at com.stc.pages.QuickPayPage.setContinue(QuickPayPage.java:62)
	at com.stc.pages.LoginPage.PostPaidLogin(LoginPage.java:141)
	at com.stc.test.guestTest.SC_13_AddCardScenario(guestTest.java:77)
	at java.base/java.util.ArrayList.forEach(ArrayList.java:1541)
... Removed 34 stack frames
</div> <!-- stack-trace -->
                </div> <!-- method-content -->
              </div> <!-- method -->
            </div> <!-- main-panel-content rounded-window-bottom -->
          </div> <!-- suite-Suite-class-failed -->
          <div class="suite-Suite-class-failed">
            <div class="main-panel-header rounded-window-top">
              <img src="failed.png"/>
              <span class="class-name">com.stc.test.PayTwoTest</span>
            </div> <!-- main-panel-header rounded-window-top -->
            <div class="main-panel-content rounded-window-bottom">
              <div class="method">
                <div class="method-content">
                  <a name="SC_07_Prepaid_Pay">
                  </a> <!-- SC_07_Prepaid_Pay -->
                  <span class="method-name">SC_07_Prepaid_Pay</span>
                  <div class="stack-trace">org.openqa.selenium.ElementClickInterceptedException: element click intercepted: Element &lt;button class=&quot;close-icon&quot; aria-label=&quot;close&quot;&gt;...&lt;/button&gt; is not clickable at point (1466, 615). Other element would receive the click: &lt;div class=&quot;&quot;&gt;...&lt;/div&gt;
  (Session info: MicrosoftEdge=128.0.2739.79)
Build info: version: &apos;4.18.1&apos;, revision: &apos;b1d3319b48&apos;
System info: os.name: &apos;Windows 11&apos;, os.arch: &apos;amd64&apos;, os.version: &apos;10.0&apos;, java.version: &apos;11.0.21&apos;
Driver info: org.openqa.selenium.edge.EdgeDriver
Command: [302a437e9510a51371fb6be971b2b373, clickElement {id=f.7B85A9B45FAD73518B1C21C1C21CD1C3.d.F8DF8213AE77340842DA88A3ECE9412E.e.88}]
Capabilities {acceptInsecureCerts: false, browserName: MicrosoftEdge, browserVersion: 128.0.2739.79, fedcm:accounts: true, ms:edgeOptions: {debuggerAddress: localhost:62709}, msedge: {msedgedriverVersion: 128.0.2739.79 (9fa544bdb74f..., userDataDir: C:\Users\ANISHK~1\AppData\L...}, networkConnectionEnabled: false, pageLoadStrategy: normal, platformName: windows, proxy: Proxy(), se:cdp: ws://localhost:62709/devtoo..., se:cdpVersion: 128.0.2739.79, setWindowRect: true, strictFileInteractability: false, timeouts: {implicit: 0, pageLoad: 300000, script: 30000}, unhandledPromptBehavior: dismiss and notify, webauthn:extension:credBlob: true, webauthn:extension:largeBlob: true, webauthn:extension:minPinLength: true, webauthn:extension:prf: true, webauthn:virtualAuthenticators: true}
Element: [[EdgeDriver: MicrosoftEdge on windows (302a437e9510a51371fb6be971b2b373)] -&gt; xpath: (//button)[position()=31]]
Session ID: 302a437e9510a51371fb6be971b2b373
	at org.openqa.selenium.remote.ErrorCodec.decode(ErrorCodec.java:167)
	at org.openqa.selenium.remote.codec.w3c.W3CHttpResponseCodec.decode(W3CHttpResponseCodec.java:138)
	at org.openqa.selenium.remote.codec.w3c.W3CHttpResponseCodec.decode(W3CHttpResponseCodec.java:50)
	at org.openqa.selenium.remote.HttpCommandExecutor.execute(HttpCommandExecutor.java:190)
	at org.openqa.selenium.remote.service.DriverCommandExecutor.invokeExecute(DriverCommandExecutor.java:216)
	at org.openqa.selenium.remote.service.DriverCommandExecutor.execute(DriverCommandExecutor.java:174)
	at org.openqa.selenium.remote.RemoteWebDriver.execute(RemoteWebDriver.java:519)
	at org.openqa.selenium.remote.RemoteWebElement.execute(RemoteWebElement.java:223)
	at org.openqa.selenium.remote.RemoteWebElement.click(RemoteWebElement.java:76)
	at org.openqa.selenium.support.pagefactory.internal.LocatingElementHandler.invoke(LocatingElementHandler.java:51)
	at com.sun.proxy.$Proxy22.click(Unknown Source)
	at com.stc.pages.QuickPayPage.setContinue(QuickPayPage.java:62)
	at com.stc.pages.LoginPage.PrePaidLogin(LoginPage.java:160)
	at com.stc.test.PayTwoTest.SC_07_Prepaid_Pay(PayTwoTest.java:21)
	at java.base/java.util.ArrayList.forEach(ArrayList.java:1541)
... Removed 35 stack frames
</div> <!-- stack-trace -->
                </div> <!-- method-content -->
              </div> <!-- method -->
            </div> <!-- main-panel-content rounded-window-bottom -->
          </div> <!-- suite-Suite-class-failed -->
          <div class="suite-Suite-class-failed">
            <div class="main-panel-header rounded-window-top">
              <img src="failed.png"/>
              <span class="class-name">com.stc.test.GetNewLine_Guest4</span>
            </div> <!-- main-panel-header rounded-window-top -->
            <div class="main-panel-content rounded-window-bottom">
              <div class="method">
                <div class="method-content">
                  <a name="SC_20_Guest_Internet_PostpaidScenario">
                  </a> <!-- SC_20_Guest_Internet_PostpaidScenario -->
                  <span class="method-name">SC_20_Guest_Internet_PostpaidScenario</span>
                  <div class="stack-trace">org.openqa.selenium.NoSuchElementException: no such element: Unable to locate element: {&quot;method&quot;:&quot;xpath&quot;,&quot;selector&quot;:&quot;(//span[contains(text(),&apos;KD&apos;)])[2]&quot;}
  (Session info: MicrosoftEdge=128.0.2739.79)
For documentation on this error, please visit: https://www.selenium.dev/documentation/webdriver/troubleshooting/errors#no-such-element-exception
Build info: version: &apos;4.18.1&apos;, revision: &apos;b1d3319b48&apos;
System info: os.name: &apos;Windows 11&apos;, os.arch: &apos;amd64&apos;, os.version: &apos;10.0&apos;, java.version: &apos;11.0.21&apos;
Driver info: org.openqa.selenium.edge.EdgeDriver
Command: [667f6677d907c7491a991f64e2e30b22, findElement {using=xpath, value=(//span[contains(text(),&apos;KD&apos;)])[2]}]
Capabilities {acceptInsecureCerts: false, browserName: MicrosoftEdge, browserVersion: 128.0.2739.79, fedcm:accounts: true, ms:edgeOptions: {debuggerAddress: localhost:55479}, msedge: {msedgedriverVersion: 128.0.2739.79 (9fa544bdb74f..., userDataDir: C:\Users\ANISHK~1\AppData\L...}, networkConnectionEnabled: false, pageLoadStrategy: normal, platformName: windows, proxy: Proxy(), se:cdp: ws://localhost:55479/devtoo..., se:cdpVersion: 128.0.2739.79, setWindowRect: true, strictFileInteractability: false, timeouts: {implicit: 0, pageLoad: 300000, script: 30000}, unhandledPromptBehavior: dismiss and notify, webauthn:extension:credBlob: true, webauthn:extension:largeBlob: true, webauthn:extension:minPinLength: true, webauthn:extension:prf: true, webauthn:virtualAuthenticators: true}
Session ID: 667f6677d907c7491a991f64e2e30b22
	at org.openqa.selenium.remote.ErrorCodec.decode(ErrorCodec.java:167)
	at org.openqa.selenium.remote.codec.w3c.W3CHttpResponseCodec.decode(W3CHttpResponseCodec.java:138)
	at org.openqa.selenium.remote.codec.w3c.W3CHttpResponseCodec.decode(W3CHttpResponseCodec.java:50)
	at org.openqa.selenium.remote.HttpCommandExecutor.execute(HttpCommandExecutor.java:190)
	at org.openqa.selenium.remote.service.DriverCommandExecutor.invokeExecute(DriverCommandExecutor.java:216)
	at org.openqa.selenium.remote.service.DriverCommandExecutor.execute(DriverCommandExecutor.java:174)
	at org.openqa.selenium.remote.RemoteWebDriver.execute(RemoteWebDriver.java:519)
	at org.openqa.selenium.remote.ElementLocation$ElementFinder$2.findElement(ElementLocation.java:165)
	at org.openqa.selenium.remote.ElementLocation.findElement(ElementLocation.java:59)
	at org.openqa.selenium.remote.RemoteWebDriver.findElement(RemoteWebDriver.java:356)
	at org.openqa.selenium.remote.RemoteWebDriver.findElement(RemoteWebDriver.java:350)
	at org.openqa.selenium.support.pagefactory.DefaultElementLocator.findElement(DefaultElementLocator.java:68)
	at org.openqa.selenium.support.pagefactory.internal.LocatingElementHandler.invoke(LocatingElementHandler.java:38)
	at com.sun.proxy.$Proxy22.click(Unknown Source)
	at com.stc.pages.GetNewLinePage.setKD(GetNewLinePage.java:120)
	at com.stc.test.GetNewLine_Guest4.SC_20_Guest_Internet_PostpaidScenario(GetNewLine_Guest4.java:28)
	at java.base/java.util.ArrayList.forEach(ArrayList.java:1541)
... Removed 30 stack frames
</div> <!-- stack-trace -->
                </div> <!-- method-content -->
              </div> <!-- method -->
            </div> <!-- main-panel-content rounded-window-bottom -->
          </div> <!-- suite-Suite-class-failed -->
          <div class="suite-Suite-class-failed">
            <div class="main-panel-header rounded-window-top">
              <img src="failed.png"/>
              <span class="class-name">com.stc.test.GetNewLine_Guest3</span>
            </div> <!-- main-panel-header rounded-window-top -->
            <div class="main-panel-content rounded-window-bottom">
              <div class="method">
                <div class="method-content">
                  <a name="SC_20_Guest_Internet_PrepaidScenario">
                  </a> <!-- SC_20_Guest_Internet_PrepaidScenario -->
                  <span class="method-name">SC_20_Guest_Internet_PrepaidScenario</span>
                  <div class="stack-trace">org.openqa.selenium.ElementClickInterceptedException: element click intercepted: Element &lt;span class=&quot;StcButtonNew-styles__label___BO2Ur&quot;&gt;...&lt;/span&gt; is not clickable at point (1318, 667). Other element would receive the click: &lt;div class=&quot;&quot;&gt;...&lt;/div&gt;
  (Session info: MicrosoftEdge=128.0.2739.79)
Build info: version: &apos;4.18.1&apos;, revision: &apos;b1d3319b48&apos;
System info: os.name: &apos;Windows 11&apos;, os.arch: &apos;amd64&apos;, os.version: &apos;10.0&apos;, java.version: &apos;11.0.21&apos;
Driver info: org.openqa.selenium.edge.EdgeDriver
Command: [7c8ee115087f60f632e78857106c75cf, clickElement {id=f.E2ED1511DEF86C0229FF15C3C5FC6B53.d.6BA4CE2C78188E4BEADB1BD467C4D66B.e.183}]
Capabilities {acceptInsecureCerts: false, browserName: MicrosoftEdge, browserVersion: 128.0.2739.79, fedcm:accounts: true, ms:edgeOptions: {debuggerAddress: localhost:52764}, msedge: {msedgedriverVersion: 128.0.2739.79 (9fa544bdb74f..., userDataDir: C:\Users\ANISHK~1\AppData\L...}, networkConnectionEnabled: false, pageLoadStrategy: normal, platformName: windows, proxy: Proxy(), se:cdp: ws://localhost:52764/devtoo..., se:cdpVersion: 128.0.2739.79, setWindowRect: true, strictFileInteractability: false, timeouts: {implicit: 0, pageLoad: 300000, script: 30000}, unhandledPromptBehavior: dismiss and notify, webauthn:extension:credBlob: true, webauthn:extension:largeBlob: true, webauthn:extension:minPinLength: true, webauthn:extension:prf: true, webauthn:virtualAuthenticators: true}
Element: [[EdgeDriver: MicrosoftEdge on windows (7c8ee115087f60f632e78857106c75cf)] -&gt; xpath: //span[contains(text(),&apos;Pay KD&apos;)]]
Session ID: 7c8ee115087f60f632e78857106c75cf
	at org.openqa.selenium.remote.ErrorCodec.decode(ErrorCodec.java:167)
	at org.openqa.selenium.remote.codec.w3c.W3CHttpResponseCodec.decode(W3CHttpResponseCodec.java:138)
	at org.openqa.selenium.remote.codec.w3c.W3CHttpResponseCodec.decode(W3CHttpResponseCodec.java:50)
	at org.openqa.selenium.remote.HttpCommandExecutor.execute(HttpCommandExecutor.java:190)
	at org.openqa.selenium.remote.service.DriverCommandExecutor.invokeExecute(DriverCommandExecutor.java:216)
	at org.openqa.selenium.remote.service.DriverCommandExecutor.execute(DriverCommandExecutor.java:174)
	at org.openqa.selenium.remote.RemoteWebDriver.execute(RemoteWebDriver.java:519)
	at org.openqa.selenium.remote.RemoteWebElement.execute(RemoteWebElement.java:223)
	at org.openqa.selenium.remote.RemoteWebElement.click(RemoteWebElement.java:76)
	at org.openqa.selenium.support.pagefactory.internal.LocatingElementHandler.invoke(LocatingElementHandler.java:51)
	at com.sun.proxy.$Proxy22.click(Unknown Source)
	at com.stc.pages.GetNewLinePage.setPayKD(GetNewLinePage.java:194)
	at com.stc.test.GetNewLine_Guest3.SC_20_Guest_Internet_PrepaidScenario(GetNewLine_Guest3.java:36)
	at java.base/java.util.ArrayList.forEach(ArrayList.java:1541)
... Removed 34 stack frames
</div> <!-- stack-trace -->
                </div> <!-- method-content -->
              </div> <!-- method -->
            </div> <!-- main-panel-content rounded-window-bottom -->
          </div> <!-- suite-Suite-class-failed -->
          <div class="suite-Suite-class-failed">
            <div class="main-panel-header rounded-window-top">
              <img src="failed.png"/>
              <span class="class-name">com.stc.test.GetNewLine_Guest</span>
            </div> <!-- main-panel-header rounded-window-top -->
            <div class="main-panel-content rounded-window-bottom">
              <div class="method">
                <div class="method-content">
                  <a name="SC_19_Guest_Mobile_PrePaidScenario">
                  </a> <!-- SC_19_Guest_Mobile_PrePaidScenario -->
                  <span class="method-name">SC_19_Guest_Mobile_PrePaidScenario</span>
                  <div class="stack-trace">org.openqa.selenium.ElementClickInterceptedException: element click intercepted: Element &lt;span class=&quot;StcButtonNew-styles__label___BO2Ur&quot;&gt;...&lt;/span&gt; is not clickable at point (1318, 667). Other element would receive the click: &lt;div class=&quot;&quot;&gt;...&lt;/div&gt;
  (Session info: MicrosoftEdge=128.0.2739.79)
Build info: version: &apos;4.18.1&apos;, revision: &apos;b1d3319b48&apos;
System info: os.name: &apos;Windows 11&apos;, os.arch: &apos;amd64&apos;, os.version: &apos;10.0&apos;, java.version: &apos;11.0.21&apos;
Driver info: org.openqa.selenium.edge.EdgeDriver
Command: [a9322a4e722a6551bc100e22ae479e1c, clickElement {id=f.896CE734761211C54C5EB4F6EE143ED1.d.41B341BDA30696B916825EFBCFE8A36E.e.159}]
Capabilities {acceptInsecureCerts: false, browserName: MicrosoftEdge, browserVersion: 128.0.2739.79, fedcm:accounts: true, ms:edgeOptions: {debuggerAddress: localhost:61860}, msedge: {msedgedriverVersion: 128.0.2739.79 (9fa544bdb74f..., userDataDir: C:\Users\ANISHK~1\AppData\L...}, networkConnectionEnabled: false, pageLoadStrategy: normal, platformName: windows, proxy: Proxy(), se:cdp: ws://localhost:61860/devtoo..., se:cdpVersion: 128.0.2739.79, setWindowRect: true, strictFileInteractability: false, timeouts: {implicit: 0, pageLoad: 300000, script: 30000}, unhandledPromptBehavior: dismiss and notify, webauthn:extension:credBlob: true, webauthn:extension:largeBlob: true, webauthn:extension:minPinLength: true, webauthn:extension:prf: true, webauthn:virtualAuthenticators: true}
Element: [[EdgeDriver: MicrosoftEdge on windows (a9322a4e722a6551bc100e22ae479e1c)] -&gt; xpath: //span[contains(text(),&apos;Pay KD&apos;)]]
Session ID: a9322a4e722a6551bc100e22ae479e1c
	at org.openqa.selenium.remote.ErrorCodec.decode(ErrorCodec.java:167)
	at org.openqa.selenium.remote.codec.w3c.W3CHttpResponseCodec.decode(W3CHttpResponseCodec.java:138)
	at org.openqa.selenium.remote.codec.w3c.W3CHttpResponseCodec.decode(W3CHttpResponseCodec.java:50)
	at org.openqa.selenium.remote.HttpCommandExecutor.execute(HttpCommandExecutor.java:190)
	at org.openqa.selenium.remote.service.DriverCommandExecutor.invokeExecute(DriverCommandExecutor.java:216)
	at org.openqa.selenium.remote.service.DriverCommandExecutor.execute(DriverCommandExecutor.java:174)
	at org.openqa.selenium.remote.RemoteWebDriver.execute(RemoteWebDriver.java:519)
	at org.openqa.selenium.remote.RemoteWebElement.execute(RemoteWebElement.java:223)
	at org.openqa.selenium.remote.RemoteWebElement.click(RemoteWebElement.java:76)
	at org.openqa.selenium.support.pagefactory.internal.LocatingElementHandler.invoke(LocatingElementHandler.java:51)
	at com.sun.proxy.$Proxy22.click(Unknown Source)
	at com.stc.pages.GetNewLinePage.setPayKD(GetNewLinePage.java:194)
	at com.stc.test.GetNewLine_Guest.SC_19_Guest_Mobile_PrePaidScenario(GetNewLine_Guest.java:36)
	at java.base/java.util.ArrayList.forEach(ArrayList.java:1541)
... Removed 34 stack frames
</div> <!-- stack-trace -->
                </div> <!-- method-content -->
              </div> <!-- method -->
            </div> <!-- main-panel-content rounded-window-bottom -->
          </div> <!-- suite-Suite-class-failed -->
          <div class="suite-Suite-class-failed">
            <div class="main-panel-header rounded-window-top">
              <img src="failed.png"/>
              <span class="class-name">com.stc.test.HomePayTest</span>
            </div> <!-- main-panel-header rounded-window-top -->
            <div class="main-panel-content rounded-window-bottom">
              <div class="method">
                <div class="method-content">
                  <a name="LoginUser_PostPaid_Pay">
                  </a> <!-- LoginUser_PostPaid_Pay -->
                  <span class="method-name">LoginUser_PostPaid_Pay</span>
                  <div class="stack-trace">org.openqa.selenium.ElementClickInterceptedException: element click intercepted: Element &lt;button class=&quot;close-icon&quot; aria-label=&quot;close&quot;&gt;...&lt;/button&gt; is not clickable at point (1466, 615). Other element would receive the click: &lt;div class=&quot;&quot;&gt;...&lt;/div&gt;
  (Session info: MicrosoftEdge=128.0.2739.79)
Build info: version: &apos;4.18.1&apos;, revision: &apos;b1d3319b48&apos;
System info: os.name: &apos;Windows 11&apos;, os.arch: &apos;amd64&apos;, os.version: &apos;10.0&apos;, java.version: &apos;11.0.21&apos;
Driver info: org.openqa.selenium.edge.EdgeDriver
Command: [c7e3abd76f8da6e71026ff858c49abec, clickElement {id=f.714096AD03A3D3B46E8BFFEEDB0351EA.d.2F110D9CD394F3C73187A6842A44C5D3.e.101}]
Capabilities {acceptInsecureCerts: false, browserName: MicrosoftEdge, browserVersion: 128.0.2739.79, fedcm:accounts: true, ms:edgeOptions: {debuggerAddress: localhost:54022}, msedge: {msedgedriverVersion: 128.0.2739.79 (9fa544bdb74f..., userDataDir: C:\Users\ANISHK~1\AppData\L...}, networkConnectionEnabled: false, pageLoadStrategy: normal, platformName: windows, proxy: Proxy(), se:cdp: ws://localhost:54022/devtoo..., se:cdpVersion: 128.0.2739.79, setWindowRect: true, strictFileInteractability: false, timeouts: {implicit: 0, pageLoad: 300000, script: 30000}, unhandledPromptBehavior: dismiss and notify, webauthn:extension:credBlob: true, webauthn:extension:largeBlob: true, webauthn:extension:minPinLength: true, webauthn:extension:prf: true, webauthn:virtualAuthenticators: true}
Element: [[EdgeDriver: MicrosoftEdge on windows (c7e3abd76f8da6e71026ff858c49abec)] -&gt; xpath: (//button)[position()=31]]
Session ID: c7e3abd76f8da6e71026ff858c49abec
	at org.openqa.selenium.remote.ErrorCodec.decode(ErrorCodec.java:167)
	at org.openqa.selenium.remote.codec.w3c.W3CHttpResponseCodec.decode(W3CHttpResponseCodec.java:138)
	at org.openqa.selenium.remote.codec.w3c.W3CHttpResponseCodec.decode(W3CHttpResponseCodec.java:50)
	at org.openqa.selenium.remote.HttpCommandExecutor.execute(HttpCommandExecutor.java:190)
	at org.openqa.selenium.remote.service.DriverCommandExecutor.invokeExecute(DriverCommandExecutor.java:216)
	at org.openqa.selenium.remote.service.DriverCommandExecutor.execute(DriverCommandExecutor.java:174)
	at org.openqa.selenium.remote.RemoteWebDriver.execute(RemoteWebDriver.java:519)
	at org.openqa.selenium.remote.RemoteWebElement.execute(RemoteWebElement.java:223)
	at org.openqa.selenium.remote.RemoteWebElement.click(RemoteWebElement.java:76)
	at org.openqa.selenium.support.pagefactory.internal.LocatingElementHandler.invoke(LocatingElementHandler.java:51)
	at com.sun.proxy.$Proxy22.click(Unknown Source)
	at com.stc.pages.QuickPayPage.setContinue(QuickPayPage.java:62)
	at com.stc.pages.LoginPage.PostPaidLogin(LoginPage.java:141)
	at com.stc.test.HomePayTest.LoginUser_PostPaid_Pay(HomePayTest.java:23)
	at java.base/java.util.ArrayList.forEach(ArrayList.java:1541)
... Removed 34 stack frames
</div> <!-- stack-trace -->
                </div> <!-- method-content -->
              </div> <!-- method -->
            </div> <!-- main-panel-content rounded-window-bottom -->
          </div> <!-- suite-Suite-class-failed -->
          <div class="suite-Suite-class-failed">
            <div class="main-panel-header rounded-window-top">
              <img src="failed.png"/>
              <span class="class-name">com.stc.test.GetNewLine_Guest2</span>
            </div> <!-- main-panel-header rounded-window-top -->
            <div class="main-panel-content rounded-window-bottom">
              <div class="method">
                <div class="method-content">
                  <a name="SC_20_Guest_Mobile_PostPaidScenario">
                  </a> <!-- SC_20_Guest_Mobile_PostPaidScenario -->
                  <span class="method-name">SC_20_Guest_Mobile_PostPaidScenario</span>
                  <div class="stack-trace">org.openqa.selenium.NoSuchElementException: no such element: Unable to locate element: {&quot;method&quot;:&quot;xpath&quot;,&quot;selector&quot;:&quot;(//span[contains(text(),&apos;Always ON&apos;)])[1]&quot;}
  (Session info: MicrosoftEdge=128.0.2739.79)
For documentation on this error, please visit: https://www.selenium.dev/documentation/webdriver/troubleshooting/errors#no-such-element-exception
Build info: version: &apos;4.18.1&apos;, revision: &apos;b1d3319b48&apos;
System info: os.name: &apos;Windows 11&apos;, os.arch: &apos;amd64&apos;, os.version: &apos;10.0&apos;, java.version: &apos;11.0.21&apos;
Driver info: org.openqa.selenium.edge.EdgeDriver
Command: [0f932e0ff45ced2ca2e4d50680992de5, findElement {using=xpath, value=(//span[contains(text(),&apos;Always ON&apos;)])[1]}]
Capabilities {acceptInsecureCerts: false, browserName: MicrosoftEdge, browserVersion: 128.0.2739.79, fedcm:accounts: true, ms:edgeOptions: {debuggerAddress: localhost:57451}, msedge: {msedgedriverVersion: 128.0.2739.79 (9fa544bdb74f..., userDataDir: C:\Users\ANISHK~1\AppData\L...}, networkConnectionEnabled: false, pageLoadStrategy: normal, platformName: windows, proxy: Proxy(), se:cdp: ws://localhost:57451/devtoo..., se:cdpVersion: 128.0.2739.79, setWindowRect: true, strictFileInteractability: false, timeouts: {implicit: 0, pageLoad: 300000, script: 30000}, unhandledPromptBehavior: dismiss and notify, webauthn:extension:credBlob: true, webauthn:extension:largeBlob: true, webauthn:extension:minPinLength: true, webauthn:extension:prf: true, webauthn:virtualAuthenticators: true}
Session ID: 0f932e0ff45ced2ca2e4d50680992de5
	at org.openqa.selenium.remote.ErrorCodec.decode(ErrorCodec.java:167)
	at org.openqa.selenium.remote.codec.w3c.W3CHttpResponseCodec.decode(W3CHttpResponseCodec.java:138)
	at org.openqa.selenium.remote.codec.w3c.W3CHttpResponseCodec.decode(W3CHttpResponseCodec.java:50)
	at org.openqa.selenium.remote.HttpCommandExecutor.execute(HttpCommandExecutor.java:190)
	at org.openqa.selenium.remote.service.DriverCommandExecutor.invokeExecute(DriverCommandExecutor.java:216)
	at org.openqa.selenium.remote.service.DriverCommandExecutor.execute(DriverCommandExecutor.java:174)
	at org.openqa.selenium.remote.RemoteWebDriver.execute(RemoteWebDriver.java:519)
	at org.openqa.selenium.remote.ElementLocation$ElementFinder$2.findElement(ElementLocation.java:165)
	at org.openqa.selenium.remote.ElementLocation.findElement(ElementLocation.java:59)
	at org.openqa.selenium.remote.RemoteWebDriver.findElement(RemoteWebDriver.java:356)
	at org.openqa.selenium.remote.RemoteWebDriver.findElement(RemoteWebDriver.java:350)
	at org.openqa.selenium.support.pagefactory.DefaultElementLocator.findElement(DefaultElementLocator.java:68)
	at org.openqa.selenium.support.pagefactory.internal.LocatingElementHandler.invoke(LocatingElementHandler.java:38)
	at com.sun.proxy.$Proxy22.click(Unknown Source)
	at com.stc.pages.GetNewLinePage.setAlwaysOn(GetNewLinePage.java:370)
	at com.stc.test.GetNewLine_Guest2.SC_20_Guest_Mobile_PostPaidScenario(GetNewLine_Guest2.java:25)
	at java.base/java.util.ArrayList.forEach(ArrayList.java:1541)
... Removed 30 stack frames
</div> <!-- stack-trace -->
                </div> <!-- method-content -->
              </div> <!-- method -->
            </div> <!-- main-panel-content rounded-window-bottom -->
          </div> <!-- suite-Suite-class-failed -->
          <div class="suite-Suite-class-failed">
            <div class="main-panel-header rounded-window-top">
              <img src="failed.png"/>
              <span class="class-name">com.stc.test.DashboardUsageTest</span>
            </div> <!-- main-panel-header rounded-window-top -->
            <div class="main-panel-content rounded-window-bottom">
              <div class="method">
                <div class="method-content">
                  <a name="SC_02_PrepaidBalanceRecharge">
                  </a> <!-- SC_02_PrepaidBalanceRecharge -->
                  <span class="method-name">SC_02_PrepaidBalanceRecharge</span>
                  <div class="stack-trace">org.openqa.selenium.ElementClickInterceptedException: element click intercepted: Element &lt;button class=&quot;close-icon&quot; aria-label=&quot;close&quot;&gt;...&lt;/button&gt; is not clickable at point (1466, 615). Other element would receive the click: &lt;div class=&quot;&quot;&gt;...&lt;/div&gt;
  (Session info: MicrosoftEdge=128.0.2739.79)
Build info: version: &apos;4.18.1&apos;, revision: &apos;b1d3319b48&apos;
System info: os.name: &apos;Windows 11&apos;, os.arch: &apos;amd64&apos;, os.version: &apos;10.0&apos;, java.version: &apos;11.0.21&apos;
Driver info: org.openqa.selenium.edge.EdgeDriver
Command: [25d684b80f4ab133a96dbe9c217e15f1, clickElement {id=f.F51374CFF91AE7F493D40182E5843042.d.6123DBFBB83E2D21AE686DBDE6D78895.e.92}]
Capabilities {acceptInsecureCerts: false, browserName: MicrosoftEdge, browserVersion: 128.0.2739.79, fedcm:accounts: true, ms:edgeOptions: {debuggerAddress: localhost:61768}, msedge: {msedgedriverVersion: 128.0.2739.79 (9fa544bdb74f..., userDataDir: C:\Users\ANISHK~1\AppData\L...}, networkConnectionEnabled: false, pageLoadStrategy: normal, platformName: windows, proxy: Proxy(), se:cdp: ws://localhost:61768/devtoo..., se:cdpVersion: 128.0.2739.79, setWindowRect: true, strictFileInteractability: false, timeouts: {implicit: 0, pageLoad: 300000, script: 30000}, unhandledPromptBehavior: dismiss and notify, webauthn:extension:credBlob: true, webauthn:extension:largeBlob: true, webauthn:extension:minPinLength: true, webauthn:extension:prf: true, webauthn:virtualAuthenticators: true}
Element: [[EdgeDriver: MicrosoftEdge on windows (25d684b80f4ab133a96dbe9c217e15f1)] -&gt; xpath: (//button)[position()=31]]
Session ID: 25d684b80f4ab133a96dbe9c217e15f1
	at org.openqa.selenium.remote.ErrorCodec.decode(ErrorCodec.java:167)
	at org.openqa.selenium.remote.codec.w3c.W3CHttpResponseCodec.decode(W3CHttpResponseCodec.java:138)
	at org.openqa.selenium.remote.codec.w3c.W3CHttpResponseCodec.decode(W3CHttpResponseCodec.java:50)
	at org.openqa.selenium.remote.HttpCommandExecutor.execute(HttpCommandExecutor.java:190)
	at org.openqa.selenium.remote.service.DriverCommandExecutor.invokeExecute(DriverCommandExecutor.java:216)
	at org.openqa.selenium.remote.service.DriverCommandExecutor.execute(DriverCommandExecutor.java:174)
	at org.openqa.selenium.remote.RemoteWebDriver.execute(RemoteWebDriver.java:519)
	at org.openqa.selenium.remote.RemoteWebElement.execute(RemoteWebElement.java:223)
	at org.openqa.selenium.remote.RemoteWebElement.click(RemoteWebElement.java:76)
	at org.openqa.selenium.support.pagefactory.internal.LocatingElementHandler.invoke(LocatingElementHandler.java:51)
	at com.sun.proxy.$Proxy22.click(Unknown Source)
	at com.stc.pages.QuickPayPage.setContinue(QuickPayPage.java:62)
	at com.stc.pages.LoginPage.PostPaidLogin(LoginPage.java:141)
	at com.stc.test.DashboardUsageTest.SC_02_PrepaidBalanceRecharge(DashboardUsageTest.java:23)
	at java.base/java.util.ArrayList.forEach(ArrayList.java:1541)
... Removed 34 stack frames
</div> <!-- stack-trace -->
                </div> <!-- method-content -->
              </div> <!-- method -->
            </div> <!-- main-panel-content rounded-window-bottom -->
          </div> <!-- suite-Suite-class-failed -->
          <div class="suite-Suite-class-failed">
            <div class="main-panel-header rounded-window-top">
              <img src="failed.png"/>
              <span class="class-name">com.stc.test.ProfileTest</span>
            </div> <!-- main-panel-header rounded-window-top -->
            <div class="main-panel-content rounded-window-bottom">
              <div class="method">
                <div class="method-content">
                  <a name="SC_17_VerifyProfile">
                  </a> <!-- SC_17_VerifyProfile -->
                  <span class="method-name">SC_17_VerifyProfile</span>
                  <div class="stack-trace">org.openqa.selenium.ElementClickInterceptedException: element click intercepted: Element &lt;button class=&quot;close-icon&quot; aria-label=&quot;close&quot;&gt;...&lt;/button&gt; is not clickable at point (1466, 615). Other element would receive the click: &lt;div class=&quot;&quot;&gt;...&lt;/div&gt;
  (Session info: MicrosoftEdge=128.0.2739.79)
Build info: version: &apos;4.18.1&apos;, revision: &apos;b1d3319b48&apos;
System info: os.name: &apos;Windows 11&apos;, os.arch: &apos;amd64&apos;, os.version: &apos;10.0&apos;, java.version: &apos;11.0.21&apos;
Driver info: org.openqa.selenium.edge.EdgeDriver
Command: [5e89145e9e66d21665dc55da5ecd9986, clickElement {id=f.698F1720B7041007DB6DF5AD0D43AE8A.d.FC8EFD3C6C9E032449E724DA3FC43D54.e.97}]
Capabilities {acceptInsecureCerts: false, browserName: MicrosoftEdge, browserVersion: 128.0.2739.79, fedcm:accounts: true, ms:edgeOptions: {debuggerAddress: localhost:57715}, msedge: {msedgedriverVersion: 128.0.2739.79 (9fa544bdb74f..., userDataDir: C:\Users\ANISHK~1\AppData\L...}, networkConnectionEnabled: false, pageLoadStrategy: normal, platformName: windows, proxy: Proxy(), se:cdp: ws://localhost:57715/devtoo..., se:cdpVersion: 128.0.2739.79, setWindowRect: true, strictFileInteractability: false, timeouts: {implicit: 0, pageLoad: 300000, script: 30000}, unhandledPromptBehavior: dismiss and notify, webauthn:extension:credBlob: true, webauthn:extension:largeBlob: true, webauthn:extension:minPinLength: true, webauthn:extension:prf: true, webauthn:virtualAuthenticators: true}
Element: [[EdgeDriver: MicrosoftEdge on windows (5e89145e9e66d21665dc55da5ecd9986)] -&gt; xpath: (//button)[position()=31]]
Session ID: 5e89145e9e66d21665dc55da5ecd9986
	at org.openqa.selenium.remote.ErrorCodec.decode(ErrorCodec.java:167)
	at org.openqa.selenium.remote.codec.w3c.W3CHttpResponseCodec.decode(W3CHttpResponseCodec.java:138)
	at org.openqa.selenium.remote.codec.w3c.W3CHttpResponseCodec.decode(W3CHttpResponseCodec.java:50)
	at org.openqa.selenium.remote.HttpCommandExecutor.execute(HttpCommandExecutor.java:190)
	at org.openqa.selenium.remote.service.DriverCommandExecutor.invokeExecute(DriverCommandExecutor.java:216)
	at org.openqa.selenium.remote.service.DriverCommandExecutor.execute(DriverCommandExecutor.java:174)
	at org.openqa.selenium.remote.RemoteWebDriver.execute(RemoteWebDriver.java:519)
	at org.openqa.selenium.remote.RemoteWebElement.execute(RemoteWebElement.java:223)
	at org.openqa.selenium.remote.RemoteWebElement.click(RemoteWebElement.java:76)
	at org.openqa.selenium.support.pagefactory.internal.LocatingElementHandler.invoke(LocatingElementHandler.java:51)
	at com.sun.proxy.$Proxy22.click(Unknown Source)
	at com.stc.pages.QuickPayPage.setContinue(QuickPayPage.java:62)
	at com.stc.pages.LoginPage.PostPaidLogin(LoginPage.java:141)
	at com.stc.test.ProfileTest.SC_17_VerifyProfile(ProfileTest.java:24)
	at java.base/java.util.ArrayList.forEach(ArrayList.java:1541)
... Removed 34 stack frames
</div> <!-- stack-trace -->
                </div> <!-- method-content -->
              </div> <!-- method -->
              <div class="method">
                <div class="method-content">
                  <a name="SC_18_Setting">
                  </a> <!-- SC_18_Setting -->
                  <span class="method-name">SC_18_Setting</span>
                  <div class="stack-trace">org.openqa.selenium.NoSuchElementException: no such element: Unable to locate element: {&quot;method&quot;:&quot;xpath&quot;,&quot;selector&quot;:&quot;//span[contains(text(),&apos;Settings&apos;)]&quot;}
  (Session info: MicrosoftEdge=128.0.2739.79)
For documentation on this error, please visit: https://www.selenium.dev/documentation/webdriver/troubleshooting/errors#no-such-element-exception
Build info: version: &apos;4.18.1&apos;, revision: &apos;b1d3319b48&apos;
System info: os.name: &apos;Windows 11&apos;, os.arch: &apos;amd64&apos;, os.version: &apos;10.0&apos;, java.version: &apos;11.0.21&apos;
Driver info: org.openqa.selenium.edge.EdgeDriver
Command: [5e89145e9e66d21665dc55da5ecd9986, findElement {using=xpath, value=//span[contains(text(),&apos;Settings&apos;)]}]
Capabilities {acceptInsecureCerts: false, browserName: MicrosoftEdge, browserVersion: 128.0.2739.79, fedcm:accounts: true, ms:edgeOptions: {debuggerAddress: localhost:57715}, msedge: {msedgedriverVersion: 128.0.2739.79 (9fa544bdb74f..., userDataDir: C:\Users\ANISHK~1\AppData\L...}, networkConnectionEnabled: false, pageLoadStrategy: normal, platformName: windows, proxy: Proxy(), se:cdp: ws://localhost:57715/devtoo..., se:cdpVersion: 128.0.2739.79, setWindowRect: true, strictFileInteractability: false, timeouts: {implicit: 0, pageLoad: 300000, script: 30000}, unhandledPromptBehavior: dismiss and notify, webauthn:extension:credBlob: true, webauthn:extension:largeBlob: true, webauthn:extension:minPinLength: true, webauthn:extension:prf: true, webauthn:virtualAuthenticators: true}
Session ID: 5e89145e9e66d21665dc55da5ecd9986
	at org.openqa.selenium.remote.ErrorCodec.decode(ErrorCodec.java:167)
	at org.openqa.selenium.remote.codec.w3c.W3CHttpResponseCodec.decode(W3CHttpResponseCodec.java:138)
	at org.openqa.selenium.remote.codec.w3c.W3CHttpResponseCodec.decode(W3CHttpResponseCodec.java:50)
	at org.openqa.selenium.remote.HttpCommandExecutor.execute(HttpCommandExecutor.java:190)
	at org.openqa.selenium.remote.service.DriverCommandExecutor.invokeExecute(DriverCommandExecutor.java:216)
	at org.openqa.selenium.remote.service.DriverCommandExecutor.execute(DriverCommandExecutor.java:174)
	at org.openqa.selenium.remote.RemoteWebDriver.execute(RemoteWebDriver.java:519)
	at org.openqa.selenium.remote.ElementLocation$ElementFinder$2.findElement(ElementLocation.java:165)
	at org.openqa.selenium.remote.ElementLocation.findElement(ElementLocation.java:59)
	at org.openqa.selenium.remote.RemoteWebDriver.findElement(RemoteWebDriver.java:356)
	at org.openqa.selenium.remote.RemoteWebDriver.findElement(RemoteWebDriver.java:350)
	at org.openqa.selenium.support.pagefactory.DefaultElementLocator.findElement(DefaultElementLocator.java:68)
	at org.openqa.selenium.support.pagefactory.internal.LocatingElementHandler.invoke(LocatingElementHandler.java:38)
	at com.sun.proxy.$Proxy22.click(Unknown Source)
	at com.stc.pages.SelfCardPage.setSetting(SelfCardPage.java:260)
	at com.stc.test.ProfileTest.SC_18_Setting(ProfileTest.java:38)
	at java.base/java.util.ArrayList.forEach(ArrayList.java:1541)
... Removed 31 stack frames
</div> <!-- stack-trace -->
                </div> <!-- method-content -->
              </div> <!-- method -->
              <div class="method">
                <div class="method-content">
                  <a name="SC_18_SettingNumberProperties">
                  </a> <!-- SC_18_SettingNumberProperties -->
                  <span class="method-name">SC_18_SettingNumberProperties</span>
                  <div class="stack-trace">org.openqa.selenium.NoSuchElementException: no such element: Unable to locate element: {&quot;method&quot;:&quot;xpath&quot;,&quot;selector&quot;:&quot;(//button[@aria-label=&apos;profile&apos;])[1]&quot;}
  (Session info: MicrosoftEdge=128.0.2739.79)
For documentation on this error, please visit: https://www.selenium.dev/documentation/webdriver/troubleshooting/errors#no-such-element-exception
Build info: version: &apos;4.18.1&apos;, revision: &apos;b1d3319b48&apos;
System info: os.name: &apos;Windows 11&apos;, os.arch: &apos;amd64&apos;, os.version: &apos;10.0&apos;, java.version: &apos;11.0.21&apos;
Driver info: org.openqa.selenium.edge.EdgeDriver
Command: [5e89145e9e66d21665dc55da5ecd9986, findElement {using=xpath, value=(//button[@aria-label=&apos;profile&apos;])[1]}]
Capabilities {acceptInsecureCerts: false, browserName: MicrosoftEdge, browserVersion: 128.0.2739.79, fedcm:accounts: true, ms:edgeOptions: {debuggerAddress: localhost:57715}, msedge: {msedgedriverVersion: 128.0.2739.79 (9fa544bdb74f..., userDataDir: C:\Users\ANISHK~1\AppData\L...}, networkConnectionEnabled: false, pageLoadStrategy: normal, platformName: windows, proxy: Proxy(), se:cdp: ws://localhost:57715/devtoo..., se:cdpVersion: 128.0.2739.79, setWindowRect: true, strictFileInteractability: false, timeouts: {implicit: 0, pageLoad: 300000, script: 30000}, unhandledPromptBehavior: dismiss and notify, webauthn:extension:credBlob: true, webauthn:extension:largeBlob: true, webauthn:extension:minPinLength: true, webauthn:extension:prf: true, webauthn:virtualAuthenticators: true}
Session ID: 5e89145e9e66d21665dc55da5ecd9986
	at org.openqa.selenium.remote.ErrorCodec.decode(ErrorCodec.java:167)
	at org.openqa.selenium.remote.codec.w3c.W3CHttpResponseCodec.decode(W3CHttpResponseCodec.java:138)
	at org.openqa.selenium.remote.codec.w3c.W3CHttpResponseCodec.decode(W3CHttpResponseCodec.java:50)
	at org.openqa.selenium.remote.HttpCommandExecutor.execute(HttpCommandExecutor.java:190)
	at org.openqa.selenium.remote.service.DriverCommandExecutor.invokeExecute(DriverCommandExecutor.java:216)
	at org.openqa.selenium.remote.service.DriverCommandExecutor.execute(DriverCommandExecutor.java:174)
	at org.openqa.selenium.remote.RemoteWebDriver.execute(RemoteWebDriver.java:519)
	at org.openqa.selenium.remote.ElementLocation$ElementFinder$2.findElement(ElementLocation.java:165)
	at org.openqa.selenium.remote.ElementLocation.findElement(ElementLocation.java:59)
	at org.openqa.selenium.remote.RemoteWebDriver.findElement(RemoteWebDriver.java:356)
	at org.openqa.selenium.remote.RemoteWebDriver.findElement(RemoteWebDriver.java:350)
	at org.openqa.selenium.support.pagefactory.DefaultElementLocator.findElement(DefaultElementLocator.java:68)
	at org.openqa.selenium.support.pagefactory.internal.LocatingElementHandler.invoke(LocatingElementHandler.java:38)
	at com.sun.proxy.$Proxy22.click(Unknown Source)
	at com.stc.pages.LoginPage.setLogoutProfileTwo(LoginPage.java:99)
	at com.stc.test.ProfileTest.SC_18_SettingNumberProperties(ProfileTest.java:71)
	at java.base/java.util.ArrayList.forEach(ArrayList.java:1541)
... Removed 31 stack frames
</div> <!-- stack-trace -->
                </div> <!-- method-content -->
              </div> <!-- method -->
            </div> <!-- main-panel-content rounded-window-bottom -->
          </div> <!-- suite-Suite-class-failed -->
          <div class="suite-Suite-class-failed">
            <div class="main-panel-header rounded-window-top">
              <img src="failed.png"/>
              <span class="class-name">com.stc.test.QitafTest</span>
            </div> <!-- main-panel-header rounded-window-top -->
            <div class="main-panel-content rounded-window-bottom">
              <div class="method">
                <div class="method-content">
                  <a name="SC_14_Qitaf_Scenario">
                  </a> <!-- SC_14_Qitaf_Scenario -->
                  <span class="method-name">SC_14_Qitaf_Scenario</span>
                  <div class="stack-trace">org.openqa.selenium.ElementClickInterceptedException: element click intercepted: Element &lt;button class=&quot;close-icon&quot; aria-label=&quot;close&quot;&gt;...&lt;/button&gt; is not clickable at point (1466, 615). Other element would receive the click: &lt;div class=&quot;&quot;&gt;...&lt;/div&gt;
  (Session info: MicrosoftEdge=128.0.2739.79)
Build info: version: &apos;4.18.1&apos;, revision: &apos;b1d3319b48&apos;
System info: os.name: &apos;Windows 11&apos;, os.arch: &apos;amd64&apos;, os.version: &apos;10.0&apos;, java.version: &apos;11.0.21&apos;
Driver info: org.openqa.selenium.edge.EdgeDriver
Command: [81ae406900d39bec39da7d015698468e, clickElement {id=f.49CDC15086874AEBB0558722CA56266E.d.C9C4C8DC8EDB42925D9B0618B4D0CEB6.e.91}]
Capabilities {acceptInsecureCerts: false, browserName: MicrosoftEdge, browserVersion: 128.0.2739.79, fedcm:accounts: true, ms:edgeOptions: {debuggerAddress: localhost:56501}, msedge: {msedgedriverVersion: 128.0.2739.79 (9fa544bdb74f..., userDataDir: C:\Users\ANISHK~1\AppData\L...}, networkConnectionEnabled: false, pageLoadStrategy: normal, platformName: windows, proxy: Proxy(), se:cdp: ws://localhost:56501/devtoo..., se:cdpVersion: 128.0.2739.79, setWindowRect: true, strictFileInteractability: false, timeouts: {implicit: 0, pageLoad: 300000, script: 30000}, unhandledPromptBehavior: dismiss and notify, webauthn:extension:credBlob: true, webauthn:extension:largeBlob: true, webauthn:extension:minPinLength: true, webauthn:extension:prf: true, webauthn:virtualAuthenticators: true}
Element: [[EdgeDriver: MicrosoftEdge on windows (81ae406900d39bec39da7d015698468e)] -&gt; xpath: (//button)[position()=31]]
Session ID: 81ae406900d39bec39da7d015698468e
	at org.openqa.selenium.remote.ErrorCodec.decode(ErrorCodec.java:167)
	at org.openqa.selenium.remote.codec.w3c.W3CHttpResponseCodec.decode(W3CHttpResponseCodec.java:138)
	at org.openqa.selenium.remote.codec.w3c.W3CHttpResponseCodec.decode(W3CHttpResponseCodec.java:50)
	at org.openqa.selenium.remote.HttpCommandExecutor.execute(HttpCommandExecutor.java:190)
	at org.openqa.selenium.remote.service.DriverCommandExecutor.invokeExecute(DriverCommandExecutor.java:216)
	at org.openqa.selenium.remote.service.DriverCommandExecutor.execute(DriverCommandExecutor.java:174)
	at org.openqa.selenium.remote.RemoteWebDriver.execute(RemoteWebDriver.java:519)
	at org.openqa.selenium.remote.RemoteWebElement.execute(RemoteWebElement.java:223)
	at org.openqa.selenium.remote.RemoteWebElement.click(RemoteWebElement.java:76)
	at org.openqa.selenium.support.pagefactory.internal.LocatingElementHandler.invoke(LocatingElementHandler.java:51)
	at com.sun.proxy.$Proxy22.click(Unknown Source)
	at com.stc.pages.QuickPayPage.setContinue(QuickPayPage.java:62)
	at com.stc.pages.LoginPage.PostPaidLogin(LoginPage.java:141)
	at com.stc.test.QitafTest.SC_14_Qitaf_Scenario(QitafTest.java:27)
	at java.base/java.util.ArrayList.forEach(ArrayList.java:1541)
... Removed 34 stack frames
</div> <!-- stack-trace -->
                </div> <!-- method-content -->
              </div> <!-- method -->
              <div class="method">
                <div class="method-content">
                  <a name="SC_16_Partners">
                  </a> <!-- SC_16_Partners -->
                  <span class="method-name">SC_16_Partners</span>
                  <div class="stack-trace">org.openqa.selenium.NoSuchElementException: no such element: Unable to locate element: {&quot;method&quot;:&quot;xpath&quot;,&quot;selector&quot;:&quot;(//span[contains(text(),&apos;Discover Partner&apos;)])[1]&quot;}
  (Session info: MicrosoftEdge=128.0.2739.79)
For documentation on this error, please visit: https://www.selenium.dev/documentation/webdriver/troubleshooting/errors#no-such-element-exception
Build info: version: &apos;4.18.1&apos;, revision: &apos;b1d3319b48&apos;
System info: os.name: &apos;Windows 11&apos;, os.arch: &apos;amd64&apos;, os.version: &apos;10.0&apos;, java.version: &apos;11.0.21&apos;
Driver info: org.openqa.selenium.edge.EdgeDriver
Command: [81ae406900d39bec39da7d015698468e, findElement {using=xpath, value=(//span[contains(text(),&apos;Discover Partner&apos;)])[1]}]
Capabilities {acceptInsecureCerts: false, browserName: MicrosoftEdge, browserVersion: 128.0.2739.79, fedcm:accounts: true, ms:edgeOptions: {debuggerAddress: localhost:56501}, msedge: {msedgedriverVersion: 128.0.2739.79 (9fa544bdb74f..., userDataDir: C:\Users\ANISHK~1\AppData\L...}, networkConnectionEnabled: false, pageLoadStrategy: normal, platformName: windows, proxy: Proxy(), se:cdp: ws://localhost:56501/devtoo..., se:cdpVersion: 128.0.2739.79, setWindowRect: true, strictFileInteractability: false, timeouts: {implicit: 0, pageLoad: 300000, script: 30000}, unhandledPromptBehavior: dismiss and notify, webauthn:extension:credBlob: true, webauthn:extension:largeBlob: true, webauthn:extension:minPinLength: true, webauthn:extension:prf: true, webauthn:virtualAuthenticators: true}
Session ID: 81ae406900d39bec39da7d015698468e
	at org.openqa.selenium.remote.ErrorCodec.decode(ErrorCodec.java:167)
	at org.openqa.selenium.remote.codec.w3c.W3CHttpResponseCodec.decode(W3CHttpResponseCodec.java:138)
	at org.openqa.selenium.remote.codec.w3c.W3CHttpResponseCodec.decode(W3CHttpResponseCodec.java:50)
	at org.openqa.selenium.remote.HttpCommandExecutor.execute(HttpCommandExecutor.java:190)
	at org.openqa.selenium.remote.service.DriverCommandExecutor.invokeExecute(DriverCommandExecutor.java:216)
	at org.openqa.selenium.remote.service.DriverCommandExecutor.execute(DriverCommandExecutor.java:174)
	at org.openqa.selenium.remote.RemoteWebDriver.execute(RemoteWebDriver.java:519)
	at org.openqa.selenium.remote.ElementLocation$ElementFinder$2.findElement(ElementLocation.java:165)
	at org.openqa.selenium.remote.ElementLocation.findElement(ElementLocation.java:59)
	at org.openqa.selenium.remote.RemoteWebDriver.findElement(RemoteWebDriver.java:356)
	at org.openqa.selenium.remote.RemoteWebDriver.findElement(RemoteWebDriver.java:350)
	at org.openqa.selenium.support.pagefactory.DefaultElementLocator.findElement(DefaultElementLocator.java:68)
	at org.openqa.selenium.support.pagefactory.internal.LocatingElementHandler.invoke(LocatingElementHandler.java:38)
	at com.sun.proxy.$Proxy22.click(Unknown Source)
	at com.stc.pages.QitafPage.setDiscoverPartner(QitafPage.java:153)
	at com.stc.test.QitafTest.SC_16_Partners(QitafTest.java:52)
	at java.base/java.util.ArrayList.forEach(ArrayList.java:1541)
... Removed 31 stack frames
</div> <!-- stack-trace -->
                </div> <!-- method-content -->
              </div> <!-- method -->
            </div> <!-- main-panel-content rounded-window-bottom -->
          </div> <!-- suite-Suite-class-failed -->
          <div class="suite-Suite-class-failed">
            <div class="main-panel-header rounded-window-top">
              <img src="failed.png"/>
              <span class="class-name">com.stc.test.User_GetNewLineTest</span>
            </div> <!-- main-panel-header rounded-window-top -->
            <div class="main-panel-content rounded-window-bottom">
              <div class="method">
                <div class="method-content">
                  <a name="SC_08_User_Mobile_PrePaidScenario">
                  </a> <!-- SC_08_User_Mobile_PrePaidScenario -->
                  <span class="method-name">SC_08_User_Mobile_PrePaidScenario</span>
                  <div class="stack-trace">org.openqa.selenium.ElementClickInterceptedException: element click intercepted: Element &lt;button class=&quot;close-icon&quot; aria-label=&quot;close&quot;&gt;...&lt;/button&gt; is not clickable at point (1466, 615). Other element would receive the click: &lt;div class=&quot;&quot;&gt;...&lt;/div&gt;
  (Session info: MicrosoftEdge=128.0.2739.79)
Build info: version: &apos;4.18.1&apos;, revision: &apos;b1d3319b48&apos;
System info: os.name: &apos;Windows 11&apos;, os.arch: &apos;amd64&apos;, os.version: &apos;10.0&apos;, java.version: &apos;11.0.21&apos;
Driver info: org.openqa.selenium.edge.EdgeDriver
Command: [61e6139eea4d4837e435b317923162a9, clickElement {id=f.70699535CC6BE3E794CDEA169D5C0B3D.d.DAD61AD5B9C71A1E7DFF922227FAACEE.e.97}]
Capabilities {acceptInsecureCerts: false, browserName: MicrosoftEdge, browserVersion: 128.0.2739.79, fedcm:accounts: true, ms:edgeOptions: {debuggerAddress: localhost:56913}, msedge: {msedgedriverVersion: 128.0.2739.79 (9fa544bdb74f..., userDataDir: C:\Users\ANISHK~1\AppData\L...}, networkConnectionEnabled: false, pageLoadStrategy: normal, platformName: windows, proxy: Proxy(), se:cdp: ws://localhost:56913/devtoo..., se:cdpVersion: 128.0.2739.79, setWindowRect: true, strictFileInteractability: false, timeouts: {implicit: 0, pageLoad: 300000, script: 30000}, unhandledPromptBehavior: dismiss and notify, webauthn:extension:credBlob: true, webauthn:extension:largeBlob: true, webauthn:extension:minPinLength: true, webauthn:extension:prf: true, webauthn:virtualAuthenticators: true}
Element: [[EdgeDriver: MicrosoftEdge on windows (61e6139eea4d4837e435b317923162a9)] -&gt; xpath: (//button)[position()=31]]
Session ID: 61e6139eea4d4837e435b317923162a9
	at org.openqa.selenium.remote.ErrorCodec.decode(ErrorCodec.java:167)
	at org.openqa.selenium.remote.codec.w3c.W3CHttpResponseCodec.decode(W3CHttpResponseCodec.java:138)
	at org.openqa.selenium.remote.codec.w3c.W3CHttpResponseCodec.decode(W3CHttpResponseCodec.java:50)
	at org.openqa.selenium.remote.HttpCommandExecutor.execute(HttpCommandExecutor.java:190)
	at org.openqa.selenium.remote.service.DriverCommandExecutor.invokeExecute(DriverCommandExecutor.java:216)
	at org.openqa.selenium.remote.service.DriverCommandExecutor.execute(DriverCommandExecutor.java:174)
	at org.openqa.selenium.remote.RemoteWebDriver.execute(RemoteWebDriver.java:519)
	at org.openqa.selenium.remote.RemoteWebElement.execute(RemoteWebElement.java:223)
	at org.openqa.selenium.remote.RemoteWebElement.click(RemoteWebElement.java:76)
	at org.openqa.selenium.support.pagefactory.internal.LocatingElementHandler.invoke(LocatingElementHandler.java:51)
	at com.sun.proxy.$Proxy22.click(Unknown Source)
	at com.stc.pages.QuickPayPage.setContinue(QuickPayPage.java:62)
	at com.stc.pages.LoginPage.PostPaidLogin(LoginPage.java:141)
	at com.stc.test.User_GetNewLineTest.SC_08_User_Mobile_PrePaidScenario(User_GetNewLineTest.java:27)
	at java.base/java.util.ArrayList.forEach(ArrayList.java:1541)
... Removed 35 stack frames
</div> <!-- stack-trace -->
                </div> <!-- method-content -->
              </div> <!-- method -->
              <div class="method">
                <div class="method-content">
                  <a name="SC_09_User_Mobile_PostPaidScenario">
                  </a> <!-- SC_09_User_Mobile_PostPaidScenario -->
                  <span class="method-name">SC_09_User_Mobile_PostPaidScenario</span>
                  <div class="stack-trace">org.openqa.selenium.NoSuchElementException: no such element: Unable to locate element: {&quot;method&quot;:&quot;xpath&quot;,&quot;selector&quot;:&quot;(//span[contains(text(),&apos;Continue&apos;)])[2]&quot;}
  (Session info: MicrosoftEdge=128.0.2739.79)
For documentation on this error, please visit: https://www.selenium.dev/documentation/webdriver/troubleshooting/errors#no-such-element-exception
Build info: version: &apos;4.18.1&apos;, revision: &apos;b1d3319b48&apos;
System info: os.name: &apos;Windows 11&apos;, os.arch: &apos;amd64&apos;, os.version: &apos;10.0&apos;, java.version: &apos;11.0.21&apos;
Driver info: org.openqa.selenium.edge.EdgeDriver
Command: [61e6139eea4d4837e435b317923162a9, findElement {using=xpath, value=(//span[contains(text(),&apos;Continue&apos;)])[2]}]
Capabilities {acceptInsecureCerts: false, browserName: MicrosoftEdge, browserVersion: 128.0.2739.79, fedcm:accounts: true, ms:edgeOptions: {debuggerAddress: localhost:56913}, msedge: {msedgedriverVersion: 128.0.2739.79 (9fa544bdb74f..., userDataDir: C:\Users\ANISHK~1\AppData\L...}, networkConnectionEnabled: false, pageLoadStrategy: normal, platformName: windows, proxy: Proxy(), se:cdp: ws://localhost:56913/devtoo..., se:cdpVersion: 128.0.2739.79, setWindowRect: true, strictFileInteractability: false, timeouts: {implicit: 0, pageLoad: 300000, script: 30000}, unhandledPromptBehavior: dismiss and notify, webauthn:extension:credBlob: true, webauthn:extension:largeBlob: true, webauthn:extension:minPinLength: true, webauthn:extension:prf: true, webauthn:virtualAuthenticators: true}
Session ID: 61e6139eea4d4837e435b317923162a9
	at org.openqa.selenium.remote.ErrorCodec.decode(ErrorCodec.java:167)
	at org.openqa.selenium.remote.codec.w3c.W3CHttpResponseCodec.decode(W3CHttpResponseCodec.java:138)
	at org.openqa.selenium.remote.codec.w3c.W3CHttpResponseCodec.decode(W3CHttpResponseCodec.java:50)
	at org.openqa.selenium.remote.HttpCommandExecutor.execute(HttpCommandExecutor.java:190)
	at org.openqa.selenium.remote.service.DriverCommandExecutor.invokeExecute(DriverCommandExecutor.java:216)
	at org.openqa.selenium.remote.service.DriverCommandExecutor.execute(DriverCommandExecutor.java:174)
	at org.openqa.selenium.remote.RemoteWebDriver.execute(RemoteWebDriver.java:519)
	at org.openqa.selenium.remote.ElementLocation$ElementFinder$2.findElement(ElementLocation.java:165)
	at org.openqa.selenium.remote.ElementLocation.findElement(ElementLocation.java:59)
	at org.openqa.selenium.remote.RemoteWebDriver.findElement(RemoteWebDriver.java:356)
	at org.openqa.selenium.remote.RemoteWebDriver.findElement(RemoteWebDriver.java:350)
	at org.openqa.selenium.support.pagefactory.DefaultElementLocator.findElement(DefaultElementLocator.java:68)
	at org.openqa.selenium.support.pagefactory.internal.LocatingElementHandler.invoke(LocatingElementHandler.java:38)
	at com.sun.proxy.$Proxy22.click(Unknown Source)
	at com.stc.pages.GetNewLinePage.setSelectCollection(GetNewLinePage.java:231)
	at com.stc.test.User_GetNewLineTest.SC_09_User_Mobile_PostPaidScenario(User_GetNewLineTest.java:60)
	at java.base/java.util.ArrayList.forEach(ArrayList.java:1541)
... Removed 31 stack frames
</div> <!-- stack-trace -->
                </div> <!-- method-content -->
              </div> <!-- method -->
              <div class="method">
                <div class="method-content">
                  <a name="SC_10_User_Internet_PrePaidScenario">
                  </a> <!-- SC_10_User_Internet_PrePaidScenario -->
                  <span class="method-name">SC_10_User_Internet_PrePaidScenario</span>
                  <div class="stack-trace">org.openqa.selenium.NoSuchElementException: no such element: Unable to locate element: {&quot;method&quot;:&quot;xpath&quot;,&quot;selector&quot;:&quot;//span[contains(text(),&apos;Pay KD&apos;)]&quot;}
  (Session info: MicrosoftEdge=128.0.2739.79)
For documentation on this error, please visit: https://www.selenium.dev/documentation/webdriver/troubleshooting/errors#no-such-element-exception
Build info: version: &apos;4.18.1&apos;, revision: &apos;b1d3319b48&apos;
System info: os.name: &apos;Windows 11&apos;, os.arch: &apos;amd64&apos;, os.version: &apos;10.0&apos;, java.version: &apos;11.0.21&apos;
Driver info: org.openqa.selenium.edge.EdgeDriver
Command: [61e6139eea4d4837e435b317923162a9, findElement {using=xpath, value=//span[contains(text(),&apos;Pay KD&apos;)]}]
Capabilities {acceptInsecureCerts: false, browserName: MicrosoftEdge, browserVersion: 128.0.2739.79, fedcm:accounts: true, ms:edgeOptions: {debuggerAddress: localhost:56913}, msedge: {msedgedriverVersion: 128.0.2739.79 (9fa544bdb74f..., userDataDir: C:\Users\ANISHK~1\AppData\L...}, networkConnectionEnabled: false, pageLoadStrategy: normal, platformName: windows, proxy: Proxy(), se:cdp: ws://localhost:56913/devtoo..., se:cdpVersion: 128.0.2739.79, setWindowRect: true, strictFileInteractability: false, timeouts: {implicit: 0, pageLoad: 300000, script: 30000}, unhandledPromptBehavior: dismiss and notify, webauthn:extension:credBlob: true, webauthn:extension:largeBlob: true, webauthn:extension:minPinLength: true, webauthn:extension:prf: true, webauthn:virtualAuthenticators: true}
Session ID: 61e6139eea4d4837e435b317923162a9
	at org.openqa.selenium.remote.ErrorCodec.decode(ErrorCodec.java:167)
	at org.openqa.selenium.remote.codec.w3c.W3CHttpResponseCodec.decode(W3CHttpResponseCodec.java:138)
	at org.openqa.selenium.remote.codec.w3c.W3CHttpResponseCodec.decode(W3CHttpResponseCodec.java:50)
	at org.openqa.selenium.remote.HttpCommandExecutor.execute(HttpCommandExecutor.java:190)
	at org.openqa.selenium.remote.service.DriverCommandExecutor.invokeExecute(DriverCommandExecutor.java:216)
	at org.openqa.selenium.remote.service.DriverCommandExecutor.execute(DriverCommandExecutor.java:174)
	at org.openqa.selenium.remote.RemoteWebDriver.execute(RemoteWebDriver.java:519)
	at org.openqa.selenium.remote.ElementLocation$ElementFinder$2.findElement(ElementLocation.java:165)
	at org.openqa.selenium.remote.ElementLocation.findElement(ElementLocation.java:59)
	at org.openqa.selenium.remote.RemoteWebDriver.findElement(RemoteWebDriver.java:356)
	at org.openqa.selenium.remote.RemoteWebDriver.findElement(RemoteWebDriver.java:350)
	at org.openqa.selenium.support.pagefactory.DefaultElementLocator.findElement(DefaultElementLocator.java:68)
	at org.openqa.selenium.support.pagefactory.internal.LocatingElementHandler.invoke(LocatingElementHandler.java:38)
	at com.sun.proxy.$Proxy22.click(Unknown Source)
	at com.stc.pages.GetNewLinePage.setPayKD(GetNewLinePage.java:194)
	at com.stc.test.User_GetNewLineTest.SC_10_User_Internet_PrePaidScenario(User_GetNewLineTest.java:90)
	at java.base/java.util.ArrayList.forEach(ArrayList.java:1541)
... Removed 31 stack frames
</div> <!-- stack-trace -->
                </div> <!-- method-content -->
              </div> <!-- method -->
              <div class="method">
                <div class="method-content">
                  <a name="SC_11_User_Internet_PostPaidScenario">
                  </a> <!-- SC_11_User_Internet_PostPaidScenario -->
                  <span class="method-name">SC_11_User_Internet_PostPaidScenario</span>
                  <div class="stack-trace">org.openqa.selenium.NoSuchElementException: no such element: Unable to locate element: {&quot;method&quot;:&quot;xpath&quot;,&quot;selector&quot;:&quot;(//span[contains(text(),&apos;Continue&apos;)])[2]&quot;}
  (Session info: MicrosoftEdge=128.0.2739.79)
For documentation on this error, please visit: https://www.selenium.dev/documentation/webdriver/troubleshooting/errors#no-such-element-exception
Build info: version: &apos;4.18.1&apos;, revision: &apos;b1d3319b48&apos;
System info: os.name: &apos;Windows 11&apos;, os.arch: &apos;amd64&apos;, os.version: &apos;10.0&apos;, java.version: &apos;11.0.21&apos;
Driver info: org.openqa.selenium.edge.EdgeDriver
Command: [61e6139eea4d4837e435b317923162a9, findElement {using=xpath, value=(//span[contains(text(),&apos;Continue&apos;)])[2]}]
Capabilities {acceptInsecureCerts: false, browserName: MicrosoftEdge, browserVersion: 128.0.2739.79, fedcm:accounts: true, ms:edgeOptions: {debuggerAddress: localhost:56913}, msedge: {msedgedriverVersion: 128.0.2739.79 (9fa544bdb74f..., userDataDir: C:\Users\ANISHK~1\AppData\L...}, networkConnectionEnabled: false, pageLoadStrategy: normal, platformName: windows, proxy: Proxy(), se:cdp: ws://localhost:56913/devtoo..., se:cdpVersion: 128.0.2739.79, setWindowRect: true, strictFileInteractability: false, timeouts: {implicit: 0, pageLoad: 300000, script: 30000}, unhandledPromptBehavior: dismiss and notify, webauthn:extension:credBlob: true, webauthn:extension:largeBlob: true, webauthn:extension:minPinLength: true, webauthn:extension:prf: true, webauthn:virtualAuthenticators: true}
Session ID: 61e6139eea4d4837e435b317923162a9
	at org.openqa.selenium.remote.ErrorCodec.decode(ErrorCodec.java:167)
	at org.openqa.selenium.remote.codec.w3c.W3CHttpResponseCodec.decode(W3CHttpResponseCodec.java:138)
	at org.openqa.selenium.remote.codec.w3c.W3CHttpResponseCodec.decode(W3CHttpResponseCodec.java:50)
	at org.openqa.selenium.remote.HttpCommandExecutor.execute(HttpCommandExecutor.java:190)
	at org.openqa.selenium.remote.service.DriverCommandExecutor.invokeExecute(DriverCommandExecutor.java:216)
	at org.openqa.selenium.remote.service.DriverCommandExecutor.execute(DriverCommandExecutor.java:174)
	at org.openqa.selenium.remote.RemoteWebDriver.execute(RemoteWebDriver.java:519)
	at org.openqa.selenium.remote.ElementLocation$ElementFinder$2.findElement(ElementLocation.java:165)
	at org.openqa.selenium.remote.ElementLocation.findElement(ElementLocation.java:59)
	at org.openqa.selenium.remote.RemoteWebDriver.findElement(RemoteWebDriver.java:356)
	at org.openqa.selenium.remote.RemoteWebDriver.findElement(RemoteWebDriver.java:350)
	at org.openqa.selenium.support.pagefactory.DefaultElementLocator.findElement(DefaultElementLocator.java:68)
	at org.openqa.selenium.support.pagefactory.internal.LocatingElementHandler.invoke(LocatingElementHandler.java:38)
	at com.sun.proxy.$Proxy22.click(Unknown Source)
	at com.stc.pages.GetNewLinePage.setSelectCollection(GetNewLinePage.java:231)
	at com.stc.test.User_GetNewLineTest.SC_11_User_Internet_PostPaidScenario(User_GetNewLineTest.java:110)
	at java.base/java.util.ArrayList.forEach(ArrayList.java:1541)
... Removed 31 stack frames
</div> <!-- stack-trace -->
                </div> <!-- method-content -->
              </div> <!-- method -->
            </div> <!-- main-panel-content rounded-window-bottom -->
          </div> <!-- suite-Suite-class-failed -->
          <div class="suite-Suite-class-failed">
            <div class="main-panel-header rounded-window-top">
              <img src="failed.png"/>
              <span class="class-name">com.stc.test.HomeMenu</span>
            </div> <!-- main-panel-header rounded-window-top -->
            <div class="main-panel-content rounded-window-bottom">
              <div class="method">
                <div class="method-content">
                  <a name="AllDeviceMenu">
                  </a> <!-- AllDeviceMenu -->
                  <span class="method-name">AllDeviceMenu</span>
                  <div class="stack-trace">org.openqa.selenium.NoSuchElementException: no such element: Unable to locate element: {&quot;method&quot;:&quot;xpath&quot;,&quot;selector&quot;:&quot;(//span[contains(text(),&apos;Add filters&apos;)])[1]&quot;}
  (Session info: MicrosoftEdge=128.0.2739.79)
For documentation on this error, please visit: https://www.selenium.dev/documentation/webdriver/troubleshooting/errors#no-such-element-exception
Build info: version: &apos;4.18.1&apos;, revision: &apos;b1d3319b48&apos;
System info: os.name: &apos;Windows 11&apos;, os.arch: &apos;amd64&apos;, os.version: &apos;10.0&apos;, java.version: &apos;11.0.21&apos;
Driver info: org.openqa.selenium.edge.EdgeDriver
Command: [457077da8c70223320ea55a241dd51a2, findElement {using=xpath, value=(//span[contains(text(),&apos;Add filters&apos;)])[1]}]
Capabilities {acceptInsecureCerts: false, browserName: MicrosoftEdge, browserVersion: 128.0.2739.79, fedcm:accounts: true, ms:edgeOptions: {debuggerAddress: localhost:59094}, msedge: {msedgedriverVersion: 128.0.2739.79 (9fa544bdb74f..., userDataDir: C:\Users\ANISHK~1\AppData\L...}, networkConnectionEnabled: false, pageLoadStrategy: normal, platformName: windows, proxy: Proxy(), se:cdp: ws://localhost:59094/devtoo..., se:cdpVersion: 128.0.2739.79, setWindowRect: true, strictFileInteractability: false, timeouts: {implicit: 0, pageLoad: 300000, script: 30000}, unhandledPromptBehavior: dismiss and notify, webauthn:extension:credBlob: true, webauthn:extension:largeBlob: true, webauthn:extension:minPinLength: true, webauthn:extension:prf: true, webauthn:virtualAuthenticators: true}
Session ID: 457077da8c70223320ea55a241dd51a2
	at org.openqa.selenium.remote.ErrorCodec.decode(ErrorCodec.java:167)
	at org.openqa.selenium.remote.codec.w3c.W3CHttpResponseCodec.decode(W3CHttpResponseCodec.java:138)
	at org.openqa.selenium.remote.codec.w3c.W3CHttpResponseCodec.decode(W3CHttpResponseCodec.java:50)
	at org.openqa.selenium.remote.HttpCommandExecutor.execute(HttpCommandExecutor.java:190)
	at org.openqa.selenium.remote.service.DriverCommandExecutor.invokeExecute(DriverCommandExecutor.java:216)
	at org.openqa.selenium.remote.service.DriverCommandExecutor.execute(DriverCommandExecutor.java:174)
	at org.openqa.selenium.remote.RemoteWebDriver.execute(RemoteWebDriver.java:519)
	at org.openqa.selenium.remote.ElementLocation$ElementFinder$2.findElement(ElementLocation.java:165)
	at org.openqa.selenium.remote.ElementLocation.findElement(ElementLocation.java:59)
	at org.openqa.selenium.remote.RemoteWebDriver.findElement(RemoteWebDriver.java:356)
	at org.openqa.selenium.remote.RemoteWebDriver.findElement(RemoteWebDriver.java:350)
	at org.openqa.selenium.support.pagefactory.DefaultElementLocator.findElement(DefaultElementLocator.java:68)
	at org.openqa.selenium.support.pagefactory.internal.LocatingElementHandler.invoke(LocatingElementHandler.java:38)
	at com.sun.proxy.$Proxy22.isDisplayed(Unknown Source)
	at com.stc.pages.HeaderManuPage.viewFilter(HeaderManuPage.java:108)
	at com.stc.pages.HeaderManuPage.setSmartphones(HeaderManuPage.java:42)
	at com.stc.test.HomeMenu.AllDeviceMenu(HomeMenu.java:13)
	at java.base/java.util.ArrayList.forEach(ArrayList.java:1541)
... Removed 30 stack frames
</div> <!-- stack-trace -->
                </div> <!-- method-content -->
              </div> <!-- method -->
              <div class="method">
                <div class="method-content">
                  <a name="MobilePrepaidMenu">
                  </a> <!-- MobilePrepaidMenu -->
                  <span class="method-name">MobilePrepaidMenu</span>
                  <div class="stack-trace">org.openqa.selenium.NoSuchElementException: no such element: Unable to locate element: {&quot;method&quot;:&quot;xpath&quot;,&quot;selector&quot;:&quot;(//h1[contains(text(),&apos;recharge&apos;)])[1]&quot;}
  (Session info: MicrosoftEdge=128.0.2739.79)
For documentation on this error, please visit: https://www.selenium.dev/documentation/webdriver/troubleshooting/errors#no-such-element-exception
Build info: version: &apos;4.18.1&apos;, revision: &apos;b1d3319b48&apos;
System info: os.name: &apos;Windows 11&apos;, os.arch: &apos;amd64&apos;, os.version: &apos;10.0&apos;, java.version: &apos;11.0.21&apos;
Driver info: org.openqa.selenium.edge.EdgeDriver
Command: [457077da8c70223320ea55a241dd51a2, findElement {using=xpath, value=(//h1[contains(text(),&apos;recharge&apos;)])[1]}]
Capabilities {acceptInsecureCerts: false, browserName: MicrosoftEdge, browserVersion: 128.0.2739.79, fedcm:accounts: true, ms:edgeOptions: {debuggerAddress: localhost:59094}, msedge: {msedgedriverVersion: 128.0.2739.79 (9fa544bdb74f..., userDataDir: C:\Users\ANISHK~1\AppData\L...}, networkConnectionEnabled: false, pageLoadStrategy: normal, platformName: windows, proxy: Proxy(), se:cdp: ws://localhost:59094/devtoo..., se:cdpVersion: 128.0.2739.79, setWindowRect: true, strictFileInteractability: false, timeouts: {implicit: 0, pageLoad: 300000, script: 30000}, unhandledPromptBehavior: dismiss and notify, webauthn:extension:credBlob: true, webauthn:extension:largeBlob: true, webauthn:extension:minPinLength: true, webauthn:extension:prf: true, webauthn:virtualAuthenticators: true}
Session ID: 457077da8c70223320ea55a241dd51a2
	at org.openqa.selenium.remote.ErrorCodec.decode(ErrorCodec.java:167)
	at org.openqa.selenium.remote.codec.w3c.W3CHttpResponseCodec.decode(W3CHttpResponseCodec.java:138)
	at org.openqa.selenium.remote.codec.w3c.W3CHttpResponseCodec.decode(W3CHttpResponseCodec.java:50)
	at org.openqa.selenium.remote.HttpCommandExecutor.execute(HttpCommandExecutor.java:190)
	at org.openqa.selenium.remote.service.DriverCommandExecutor.invokeExecute(DriverCommandExecutor.java:216)
	at org.openqa.selenium.remote.service.DriverCommandExecutor.execute(DriverCommandExecutor.java:174)
	at org.openqa.selenium.remote.RemoteWebDriver.execute(RemoteWebDriver.java:519)
	at org.openqa.selenium.remote.ElementLocation$ElementFinder$2.findElement(ElementLocation.java:165)
	at org.openqa.selenium.remote.ElementLocation.findElement(ElementLocation.java:59)
	at org.openqa.selenium.remote.RemoteWebDriver.findElement(RemoteWebDriver.java:356)
	at org.openqa.selenium.remote.RemoteWebDriver.findElement(RemoteWebDriver.java:350)
	at org.openqa.selenium.support.pagefactory.DefaultElementLocator.findElement(DefaultElementLocator.java:68)
	at org.openqa.selenium.support.pagefactory.internal.LocatingElementHandler.invoke(LocatingElementHandler.java:38)
	at com.sun.proxy.$Proxy22.isDisplayed(Unknown Source)
	at com.stc.pages.HeaderManuPage.setRecharge(HeaderManuPage.java:295)
	at com.stc.test.HomeMenu.MobilePrepaidMenu(HomeMenu.java:56)
	at java.base/java.util.ArrayList.forEach(ArrayList.java:1541)
... Removed 30 stack frames
</div> <!-- stack-trace -->
                </div> <!-- method-content -->
              </div> <!-- method -->
              <div class="method">
                <div class="method-content">
                  <a name="PopularBrandMenu">
                  </a> <!-- PopularBrandMenu -->
                  <span class="method-name">PopularBrandMenu</span>
                  <div class="stack-trace">org.openqa.selenium.NoSuchElementException: no such element: Unable to locate element: {&quot;method&quot;:&quot;xpath&quot;,&quot;selector&quot;:&quot;(//span[contains(text(),&apos;Add filters&apos;)])[1]&quot;}
  (Session info: MicrosoftEdge=128.0.2739.79)
For documentation on this error, please visit: https://www.selenium.dev/documentation/webdriver/troubleshooting/errors#no-such-element-exception
Build info: version: &apos;4.18.1&apos;, revision: &apos;b1d3319b48&apos;
System info: os.name: &apos;Windows 11&apos;, os.arch: &apos;amd64&apos;, os.version: &apos;10.0&apos;, java.version: &apos;11.0.21&apos;
Driver info: org.openqa.selenium.edge.EdgeDriver
Command: [457077da8c70223320ea55a241dd51a2, findElement {using=xpath, value=(//span[contains(text(),&apos;Add filters&apos;)])[1]}]
Capabilities {acceptInsecureCerts: false, browserName: MicrosoftEdge, browserVersion: 128.0.2739.79, fedcm:accounts: true, ms:edgeOptions: {debuggerAddress: localhost:59094}, msedge: {msedgedriverVersion: 128.0.2739.79 (9fa544bdb74f..., userDataDir: C:\Users\ANISHK~1\AppData\L...}, networkConnectionEnabled: false, pageLoadStrategy: normal, platformName: windows, proxy: Proxy(), se:cdp: ws://localhost:59094/devtoo..., se:cdpVersion: 128.0.2739.79, setWindowRect: true, strictFileInteractability: false, timeouts: {implicit: 0, pageLoad: 300000, script: 30000}, unhandledPromptBehavior: dismiss and notify, webauthn:extension:credBlob: true, webauthn:extension:largeBlob: true, webauthn:extension:minPinLength: true, webauthn:extension:prf: true, webauthn:virtualAuthenticators: true}
Session ID: 457077da8c70223320ea55a241dd51a2
	at org.openqa.selenium.remote.ErrorCodec.decode(ErrorCodec.java:167)
	at org.openqa.selenium.remote.codec.w3c.W3CHttpResponseCodec.decode(W3CHttpResponseCodec.java:138)
	at org.openqa.selenium.remote.codec.w3c.W3CHttpResponseCodec.decode(W3CHttpResponseCodec.java:50)
	at org.openqa.selenium.remote.HttpCommandExecutor.execute(HttpCommandExecutor.java:190)
	at org.openqa.selenium.remote.service.DriverCommandExecutor.invokeExecute(DriverCommandExecutor.java:216)
	at org.openqa.selenium.remote.service.DriverCommandExecutor.execute(DriverCommandExecutor.java:174)
	at org.openqa.selenium.remote.RemoteWebDriver.execute(RemoteWebDriver.java:519)
	at org.openqa.selenium.remote.ElementLocation$ElementFinder$2.findElement(ElementLocation.java:165)
	at org.openqa.selenium.remote.ElementLocation.findElement(ElementLocation.java:59)
	at org.openqa.selenium.remote.RemoteWebDriver.findElement(RemoteWebDriver.java:356)
	at org.openqa.selenium.remote.RemoteWebDriver.findElement(RemoteWebDriver.java:350)
	at org.openqa.selenium.support.pagefactory.DefaultElementLocator.findElement(DefaultElementLocator.java:68)
	at org.openqa.selenium.support.pagefactory.internal.LocatingElementHandler.invoke(LocatingElementHandler.java:38)
	at com.sun.proxy.$Proxy22.isDisplayed(Unknown Source)
	at com.stc.pages.HeaderManuPage.viewFilter(HeaderManuPage.java:108)
	at com.stc.pages.HeaderManuPage.setApple(HeaderManuPage.java:118)
	at com.stc.test.HomeMenu.PopularBrandMenu(HomeMenu.java:25)
	at java.base/java.util.ArrayList.forEach(ArrayList.java:1541)
... Removed 30 stack frames
</div> <!-- stack-trace -->
                </div> <!-- method-content -->
              </div> <!-- method -->
            </div> <!-- main-panel-content rounded-window-bottom -->
          </div> <!-- suite-Suite-class-failed -->
          <div class="suite-Suite-class-passed">
            <div class="main-panel-header rounded-window-top">
              <img src="passed.png"/>
              <span class="class-name">com.stc.test.guestTest</span>
            </div> <!-- main-panel-header rounded-window-top -->
            <div class="main-panel-content rounded-window-bottom">
              <div class="method">
                <div class="method-content">
                  <a name="SC_12_QuickPayScenario">
                  </a> <!-- SC_12_QuickPayScenario -->
                  <span class="method-name">SC_12_QuickPayScenario</span>
                </div> <!-- method-content -->
              </div> <!-- method -->
              <div class="method">
                <div class="method-content">
                  <a name="eStore">
                  </a> <!-- eStore -->
                  <span class="method-name">eStore</span>
                </div> <!-- method-content -->
              </div> <!-- method -->
            </div> <!-- main-panel-content rounded-window-bottom -->
          </div> <!-- suite-Suite-class-passed -->
          <div class="suite-Suite-class-passed">
            <div class="main-panel-header rounded-window-top">
              <img src="passed.png"/>
              <span class="class-name">com.stc.test.HomePayTest</span>
            </div> <!-- main-panel-header rounded-window-top -->
            <div class="main-panel-content rounded-window-bottom">
              <div class="method">
                <div class="method-content">
                  <a name="AddCard_Pay">
                  </a> <!-- AddCard_Pay -->
                  <span class="method-name">AddCard_Pay</span>
                </div> <!-- method-content -->
              </div> <!-- method -->
            </div> <!-- main-panel-content rounded-window-bottom -->
          </div> <!-- suite-Suite-class-passed -->
          <div class="suite-Suite-class-passed">
            <div class="main-panel-header rounded-window-top">
              <img src="passed.png"/>
              <span class="class-name">com.stc.test.BaityTest</span>
            </div> <!-- main-panel-header rounded-window-top -->
            <div class="main-panel-content rounded-window-bottom">
              <div class="method">
                <div class="method-content">
                  <a name="Baity_Login">
                  </a> <!-- Baity_Login -->
                  <span class="method-name">Baity_Login</span>
                </div> <!-- method-content -->
              </div> <!-- method -->
            </div> <!-- main-panel-content rounded-window-bottom -->
          </div> <!-- suite-Suite-class-passed -->
          <div class="suite-Suite-class-passed">
            <div class="main-panel-header rounded-window-top">
              <img src="passed.png"/>
              <span class="class-name">com.stc.test.HomeMenu</span>
            </div> <!-- main-panel-header rounded-window-top -->
            <div class="main-panel-content rounded-window-bottom">
              <div class="method">
                <div class="method-content">
                  <a name="MobilePostPaidMenu">
                  </a> <!-- MobilePostPaidMenu -->
                  <span class="method-name">MobilePostPaidMenu</span>
                </div> <!-- method-content -->
              </div> <!-- method -->
              <div class="method">
                <div class="method-content">
                  <a name="MoreFromSTCMenu">
                  </a> <!-- MoreFromSTCMenu -->
                  <span class="method-name">MoreFromSTCMenu</span>
                </div> <!-- method-content -->
              </div> <!-- method -->
            </div> <!-- main-panel-content rounded-window-bottom -->
          </div> <!-- suite-Suite-class-passed -->
        </div> <!-- panel Suite -->
        <div panel-name="test-xml-Suite" class="panel">
          <div class="main-panel-header rounded-window-top">
            <span class="header-content">C:\Users\Anishkumar\eclipse-workspacePoc\Web_HybridFrameworkPOCIntegration\testng.xml</span>
          </div> <!-- main-panel-header rounded-window-top -->
          <div class="main-panel-content rounded-window-bottom">
            <pre>
&lt;?xml version=&quot;1.0&quot; encoding=&quot;UTF-8&quot;?&gt;
&lt;!DOCTYPE suite SYSTEM &quot;https://testng.org/testng-1.0.dtd&quot;&gt;
&lt;suite name=&quot;Suite&quot; guice-stage=&quot;DEVELOPMENT&quot;&gt;
  &lt;listeners&gt;
    &lt;listener class-name=&quot;extentlisteners.ExtentListeners&quot;/&gt;
  &lt;/listeners&gt;
  &lt;test thread-count=&quot;5&quot; name=&quot;Parallel Tests Edge&quot;&gt;
    &lt;parameter name=&quot;browserName&quot; value=&quot;edge&quot;/&gt;
    &lt;classes&gt;
      &lt;class name=&quot;com.stc.test.DashboardTest&quot;/&gt;
      &lt;class name=&quot;com.stc.test.PayTest&quot;/&gt;
      &lt;class name=&quot;com.stc.test.PayTwoTest&quot;/&gt;
      &lt;class name=&quot;com.stc.test.User_GetNewLineTest&quot;/&gt;
      &lt;class name=&quot;com.stc.test.guestTest&quot;/&gt;
      &lt;class name=&quot;com.stc.test.QitafTest&quot;/&gt;
      &lt;class name=&quot;com.stc.test.HomePayTest&quot;/&gt;
      &lt;class name=&quot;com.stc.test.ProfileTest&quot;/&gt;
      &lt;class name=&quot;com.stc.test.BaityTest&quot;/&gt;
      &lt;class name=&quot;com.stc.test.DashboardUsageTest&quot;/&gt;
      &lt;class name=&quot;com.stc.test.GetNewLine_Guest&quot;/&gt;
      &lt;class name=&quot;com.stc.test.GetNewLine_Guest2&quot;/&gt;
      &lt;class name=&quot;com.stc.test.GetNewLine_Guest3&quot;/&gt;
      &lt;class name=&quot;com.stc.test.GetNewLine_Guest4&quot;/&gt;
      &lt;class name=&quot;com.stc.test.HomeMenu&quot;/&gt;
    &lt;/classes&gt;
  &lt;/test&gt; &lt;!-- Parallel Tests Edge --&gt;
&lt;/suite&gt; &lt;!-- Suite --&gt;
            </pre>
          </div> <!-- main-panel-content rounded-window-bottom -->
        </div> <!-- panel -->
        <div panel-name="testlist-Suite" class="panel">
          <div class="main-panel-header rounded-window-top">
            <span class="header-content">Tests for Suite</span>
          </div> <!-- main-panel-header rounded-window-top -->
          <div class="main-panel-content rounded-window-bottom">
            <ul>
              <li>
                <span class="test-name">Parallel Tests Edge (15 classes)</span>
              </li>
            </ul>
          </div> <!-- main-panel-content rounded-window-bottom -->
        </div> <!-- panel -->
        <div panel-name="group-Suite" class="panel">
          <div class="main-panel-header rounded-window-top">
            <span class="header-content">Groups for Suite</span>
          </div> <!-- main-panel-header rounded-window-top -->
          <div class="main-panel-content rounded-window-bottom">
          </div> <!-- main-panel-content rounded-window-bottom -->
        </div> <!-- panel -->
        <div panel-name="times-Suite" class="panel">
          <div class="main-panel-header rounded-window-top">
            <span class="header-content">Times for Suite</span>
          </div> <!-- main-panel-header rounded-window-top -->
          <div class="main-panel-content rounded-window-bottom">
            <div class="times-div">
              <script type="text/javascript">
suiteTableInitFunctions.push('tableData_Suite');
function tableData_Suite() {
var data = new google.visualization.DataTable();
data.addColumn('number', 'Number');
data.addColumn('string', 'Method');
data.addColumn('string', 'Class');
data.addColumn('number', 'Time (ms)');
data.addRows(28);
data.setCell(0, 0, 0)
data.setCell(0, 1, 'MobilePrepaidMenu')
data.setCell(0, 2, 'com.stc.test.HomeMenu')
data.setCell(0, 3, 147672);
data.setCell(1, 0, 1)
data.setCell(1, 1, 'MobilePostPaidMenu')
data.setCell(1, 2, 'com.stc.test.HomeMenu')
data.setCell(1, 3, 106382);
data.setCell(2, 0, 2)
data.setCell(2, 1, 'SC_20_Guest_Internet_PrepaidScenario')
data.setCell(2, 2, 'com.stc.test.GetNewLine_Guest3')
data.setCell(2, 3, 93351);
data.setCell(3, 0, 3)
data.setCell(3, 1, 'eStore')
data.setCell(3, 2, 'com.stc.test.guestTest')
data.setCell(3, 3, 81750);
data.setCell(4, 0, 4)
data.setCell(4, 1, 'SC_10_User_Internet_PrePaidScenario')
data.setCell(4, 2, 'com.stc.test.User_GetNewLineTest')
data.setCell(4, 3, 79723);
data.setCell(5, 0, 5)
data.setCell(5, 1, 'SC_19_Guest_Mobile_PrePaidScenario')
data.setCell(5, 2, 'com.stc.test.GetNewLine_Guest')
data.setCell(5, 3, 68208);
data.setCell(6, 0, 6)
data.setCell(6, 1, 'Baity_Login')
data.setCell(6, 2, 'com.stc.test.BaityTest')
data.setCell(6, 3, 65573);
data.setCell(7, 0, 7)
data.setCell(7, 1, 'AllDeviceMenu')
data.setCell(7, 2, 'com.stc.test.HomeMenu')
data.setCell(7, 3, 56820);
data.setCell(8, 0, 8)
data.setCell(8, 1, 'SC_06_AddCard_Pay')
data.setCell(8, 2, 'com.stc.test.PayTest')
data.setCell(8, 3, 53684);
data.setCell(9, 0, 9)
data.setCell(9, 1, 'SC_12_QuickPayScenario')
data.setCell(9, 2, 'com.stc.test.guestTest')
data.setCell(9, 3, 46709);
data.setCell(10, 0, 10)
data.setCell(10, 1, 'SC_09_User_Mobile_PostPaidScenario')
data.setCell(10, 2, 'com.stc.test.User_GetNewLineTest')
data.setCell(10, 3, 46182);
data.setCell(11, 0, 11)
data.setCell(11, 1, 'PopularBrandMenu')
data.setCell(11, 2, 'com.stc.test.HomeMenu')
data.setCell(11, 3, 44435);
data.setCell(12, 0, 12)
data.setCell(12, 1, 'SC_11_User_Internet_PostPaidScenario')
data.setCell(12, 2, 'com.stc.test.User_GetNewLineTest')
data.setCell(12, 3, 42572);
data.setCell(13, 0, 13)
data.setCell(13, 1, 'SC_13_AddCardScenario')
data.setCell(13, 2, 'com.stc.test.guestTest')
data.setCell(13, 3, 39139);
data.setCell(14, 0, 14)
data.setCell(14, 1, 'SC_20_Guest_Mobile_PostPaidScenario')
data.setCell(14, 2, 'com.stc.test.GetNewLine_Guest2')
data.setCell(14, 3, 36357);
data.setCell(15, 0, 15)
data.setCell(15, 1, 'SC_20_Guest_Internet_PostpaidScenario')
data.setCell(15, 2, 'com.stc.test.GetNewLine_Guest4')
data.setCell(15, 3, 35511);
data.setCell(16, 0, 16)
data.setCell(16, 1, 'SC_08_User_Mobile_PrePaidScenario')
data.setCell(16, 2, 'com.stc.test.User_GetNewLineTest')
data.setCell(16, 3, 30128);
data.setCell(17, 0, 17)
data.setCell(17, 1, 'MoreFromSTCMenu')
data.setCell(17, 2, 'com.stc.test.HomeMenu')
data.setCell(17, 3, 27027);
data.setCell(18, 0, 18)
data.setCell(18, 1, 'SC_04_SingleLine_PostPaid_Pay_Scenario')
data.setCell(18, 2, 'com.stc.test.PayTest')
data.setCell(18, 3, 24987);
data.setCell(19, 0, 19)
data.setCell(19, 1, 'AddCard_Pay')
data.setCell(19, 2, 'com.stc.test.HomePayTest')
data.setCell(19, 3, 24905);
data.setCell(20, 0, 20)
data.setCell(20, 1, 'SC_07_Prepaid_Pay')
data.setCell(20, 2, 'com.stc.test.PayTwoTest')
data.setCell(20, 3, 24756);
data.setCell(21, 0, 21)
data.setCell(21, 1, 'SC_14_Qitaf_Scenario')
data.setCell(21, 2, 'com.stc.test.QitafTest')
data.setCell(21, 3, 24392);
data.setCell(22, 0, 22)
data.setCell(22, 1, 'SC_02_PrepaidBalanceRecharge')
data.setCell(22, 2, 'com.stc.test.DashboardUsageTest')
data.setCell(22, 3, 21011);
data.setCell(23, 0, 23)
data.setCell(23, 1, 'SC_17_VerifyProfile')
data.setCell(23, 2, 'com.stc.test.ProfileTest')
data.setCell(23, 3, 20980);
data.setCell(24, 0, 24)
data.setCell(24, 1, 'LoginUser_PostPaid_Pay')
data.setCell(24, 2, 'com.stc.test.HomePayTest')
data.setCell(24, 3, 19587);
data.setCell(25, 0, 25)
data.setCell(25, 1, 'SC_16_Partners')
data.setCell(25, 2, 'com.stc.test.QitafTest')
data.setCell(25, 3, 13324);
data.setCell(26, 0, 26)
data.setCell(26, 1, 'SC_18_SettingNumberProperties')
data.setCell(26, 2, 'com.stc.test.ProfileTest')
data.setCell(26, 3, 10075);
data.setCell(27, 0, 27)
data.setCell(27, 1, 'SC_18_Setting')
data.setCell(27, 2, 'com.stc.test.ProfileTest')
data.setCell(27, 3, 10046);
window.suiteTableData['Suite']= { tableData: data, tableDiv: 'times-div-Suite'}
return data;
}
              </script>
              <span class="suite-total-time">Total running time: 21 minutes</span>
              <div id="times-div-Suite">
              </div> <!-- times-div-Suite -->
            </div> <!-- times-div -->
          </div> <!-- main-panel-content rounded-window-bottom -->
        </div> <!-- panel -->
        <div panel-name="reporter-Suite" class="panel">
          <div class="main-panel-header rounded-window-top">
            <span class="header-content">Reporter output for Suite</span>
          </div> <!-- main-panel-header rounded-window-top -->
          <div class="main-panel-content rounded-window-bottom">
          </div> <!-- main-panel-content rounded-window-bottom -->
        </div> <!-- panel -->
        <div panel-name="ignored-methods-Suite" class="panel">
          <div class="main-panel-header rounded-window-top">
            <span class="header-content">0 ignored methods</span>
          </div> <!-- main-panel-header rounded-window-top -->
          <div class="main-panel-content rounded-window-bottom">
          </div> <!-- main-panel-content rounded-window-bottom -->
        </div> <!-- panel -->
        <div panel-name="chronological-Suite" class="panel">
          <div class="main-panel-header rounded-window-top">
            <span class="header-content">Methods in chronological order</span>
          </div> <!-- main-panel-header rounded-window-top -->
          <div class="main-panel-content rounded-window-bottom">
            <div class="chronological-class">
              <div class="chronological-class-name">com.stc.test.PayTest</div> <!-- chronological-class-name -->
              <div class="configuration-class before">
                <span class="method-name">setUp(edge)</span>
                <span class="method-start">0 ms</span>
              </div> <!-- configuration-class before -->
              <div class="test-method">
                <img src="failed.png">
                </img>
                <span class="method-name">SC_04_SingleLine_PostPaid_Pay_Scenario</span>
                <span class="method-start">5036 ms</span>
              </div> <!-- test-method -->
              <div class="test-method">
                <img src="failed.png">
                </img>
                <span class="method-name">SC_06_AddCard_Pay</span>
                <span class="method-start">30209 ms</span>
              </div> <!-- test-method -->
              <div class="configuration-class after">
                <span class="method-name">tearDown</span>
                <span class="method-start">83893 ms</span>
              </div> <!-- configuration-class after -->
            </div> <!-- chronological-class -->
            <div class="chronological-class">
              <div class="chronological-class-name">com.stc.test.PayTwoTest</div> <!-- chronological-class-name -->
              <div class="configuration-class before">
                <span class="method-name">setUp(edge)</span>
                <span class="method-start">87238 ms</span>
              </div> <!-- configuration-class before -->
              <div class="test-method">
                <img src="failed.png">
                </img>
                <span class="method-name">SC_07_Prepaid_Pay</span>
                <span class="method-start">91368 ms</span>
              </div> <!-- test-method -->
              <div class="configuration-class after">
                <span class="method-name">tearDown</span>
                <span class="method-start">116124 ms</span>
              </div> <!-- configuration-class after -->
            </div> <!-- chronological-class -->
            <div class="chronological-class">
              <div class="chronological-class-name">com.stc.test.User_GetNewLineTest</div> <!-- chronological-class-name -->
              <div class="configuration-class before">
                <span class="method-name">setUp(edge)</span>
                <span class="method-start">119398 ms</span>
              </div> <!-- configuration-class before -->
              <div class="test-method">
                <img src="failed.png">
                </img>
                <span class="method-name">SC_08_User_Mobile_PrePaidScenario</span>
                <span class="method-start">125621 ms</span>
              </div> <!-- test-method -->
              <div class="test-method">
                <img src="failed.png">
                </img>
                <span class="method-name">SC_09_User_Mobile_PostPaidScenario</span>
                <span class="method-start">155755 ms</span>
              </div> <!-- test-method -->
              <div class="test-method">
                <img src="failed.png">
                </img>
                <span class="method-name">SC_10_User_Internet_PrePaidScenario</span>
                <span class="method-start">201951 ms</span>
              </div> <!-- test-method -->
              <div class="test-method">
                <img src="failed.png">
                </img>
                <span class="method-name">SC_11_User_Internet_PostPaidScenario</span>
                <span class="method-start">281679 ms</span>
              </div> <!-- test-method -->
              <div class="configuration-class after">
                <span class="method-name">tearDown</span>
                <span class="method-start">324264 ms</span>
              </div> <!-- configuration-class after -->
            </div> <!-- chronological-class -->
            <div class="chronological-class">
              <div class="chronological-class-name">com.stc.test.guestTest</div> <!-- chronological-class-name -->
              <div class="configuration-class before">
                <span class="method-name">setUp(edge)</span>
                <span class="method-start">327569 ms</span>
              </div> <!-- configuration-class before -->
              <div class="test-method">
                <span class="method-name">eStore</span>
                <span class="method-start">331519 ms</span>
              </div> <!-- test-method -->
              <div class="test-method">
                <span class="method-name">SC_12_QuickPayScenario</span>
                <span class="method-start">413273 ms</span>
              </div> <!-- test-method -->
              <div class="test-method">
                <img src="failed.png">
                </img>
                <span class="method-name">SC_13_AddCardScenario</span>
                <span class="method-start">459984 ms</span>
              </div> <!-- test-method -->
              <div class="configuration-class after">
                <span class="method-name">tearDown</span>
                <span class="method-start">499145 ms</span>
              </div> <!-- configuration-class after -->
            </div> <!-- chronological-class -->
            <div class="chronological-class">
              <div class="chronological-class-name">com.stc.test.QitafTest</div> <!-- chronological-class-name -->
              <div class="configuration-class before">
                <span class="method-name">setUp(edge)</span>
                <span class="method-start">502484 ms</span>
              </div> <!-- configuration-class before -->
              <div class="test-method">
                <img src="failed.png">
                </img>
                <span class="method-name">SC_14_Qitaf_Scenario</span>
                <span class="method-start">507752 ms</span>
              </div> <!-- test-method -->
              <div class="test-method">
                <img src="failed.png">
                </img>
                <span class="method-name">SC_16_Partners</span>
                <span class="method-start">532145 ms</span>
              </div> <!-- test-method -->
              <div class="configuration-class after">
                <span class="method-name">tearDown</span>
                <span class="method-start">545469 ms</span>
              </div> <!-- configuration-class after -->
            </div> <!-- chronological-class -->
            <div class="chronological-class">
              <div class="chronological-class-name">com.stc.test.HomePayTest</div> <!-- chronological-class-name -->
              <div class="configuration-class before">
                <span class="method-name">setUp(edge)</span>
                <span class="method-start">549028 ms</span>
              </div> <!-- configuration-class before -->
              <div class="test-method">
                <img src="failed.png">
                </img>
                <span class="method-name">LoginUser_PostPaid_Pay</span>
                <span class="method-start">553487 ms</span>
              </div> <!-- test-method -->
              <div class="test-method">
                <span class="method-name">AddCard_Pay</span>
                <span class="method-start">573074 ms</span>
              </div> <!-- test-method -->
              <div class="configuration-class after">
                <span class="method-name">tearDown</span>
                <span class="method-start">597979 ms</span>
              </div> <!-- configuration-class after -->
            </div> <!-- chronological-class -->
            <div class="chronological-class">
              <div class="chronological-class-name">com.stc.test.ProfileTest</div> <!-- chronological-class-name -->
              <div class="configuration-class before">
                <span class="method-name">setUp(edge)</span>
                <span class="method-start">602794 ms</span>
              </div> <!-- configuration-class before -->
              <div class="test-method">
                <img src="failed.png">
                </img>
                <span class="method-name">SC_17_VerifyProfile</span>
                <span class="method-start">607663 ms</span>
              </div> <!-- test-method -->
              <div class="test-method">
                <img src="failed.png">
                </img>
                <span class="method-name">SC_18_Setting</span>
                <span class="method-start">628651 ms</span>
              </div> <!-- test-method -->
              <div class="test-method">
                <img src="failed.png">
                </img>
                <span class="method-name">SC_18_SettingNumberProperties</span>
                <span class="method-start">638707 ms</span>
              </div> <!-- test-method -->
              <div class="configuration-class after">
                <span class="method-name">tearDown</span>
                <span class="method-start">648788 ms</span>
              </div> <!-- configuration-class after -->
            </div> <!-- chronological-class -->
            <div class="chronological-class">
              <div class="chronological-class-name">com.stc.test.BaityTest</div> <!-- chronological-class-name -->
              <div class="configuration-class before">
                <span class="method-name">setUp(edge)</span>
                <span class="method-start">652481 ms</span>
              </div> <!-- configuration-class before -->
              <div class="test-method">
                <span class="method-name">Baity_Login</span>
                <span class="method-start">658252 ms</span>
              </div> <!-- test-method -->
              <div class="configuration-class after">
                <span class="method-name">tearDown</span>
                <span class="method-start">723826 ms</span>
              </div> <!-- configuration-class after -->
            </div> <!-- chronological-class -->
            <div class="chronological-class">
              <div class="chronological-class-name">com.stc.test.DashboardUsageTest</div> <!-- chronological-class-name -->
              <div class="configuration-class before">
                <span class="method-name">setUp(edge)</span>
                <span class="method-start">727125 ms</span>
              </div> <!-- configuration-class before -->
              <div class="test-method">
                <img src="failed.png">
                </img>
                <span class="method-name">SC_02_PrepaidBalanceRecharge</span>
                <span class="method-start">731127 ms</span>
              </div> <!-- test-method -->
              <div class="configuration-class after">
                <span class="method-name">tearDown</span>
                <span class="method-start">752140 ms</span>
              </div> <!-- configuration-class after -->
            </div> <!-- chronological-class -->
            <div class="chronological-class">
              <div class="chronological-class-name">com.stc.test.GetNewLine_Guest</div> <!-- chronological-class-name -->
              <div class="configuration-class before">
                <span class="method-name">setUp(edge)</span>
                <span class="method-start">755579 ms</span>
              </div> <!-- configuration-class before -->
              <div class="test-method">
                <img src="failed.png">
                </img>
                <span class="method-name">SC_19_Guest_Mobile_PrePaidScenario</span>
                <span class="method-start">760185 ms</span>
              </div> <!-- test-method -->
              <div class="configuration-class after">
                <span class="method-name">tearDown</span>
                <span class="method-start">828397 ms</span>
              </div> <!-- configuration-class after -->
            </div> <!-- chronological-class -->
            <div class="chronological-class">
              <div class="chronological-class-name">com.stc.test.GetNewLine_Guest2</div> <!-- chronological-class-name -->
              <div class="configuration-class before">
                <span class="method-name">setUp(edge)</span>
                <span class="method-start">831738 ms</span>
              </div> <!-- configuration-class before -->
              <div class="test-method">
                <img src="failed.png">
                </img>
                <span class="method-name">SC_20_Guest_Mobile_PostPaidScenario</span>
                <span class="method-start">835921 ms</span>
              </div> <!-- test-method -->
              <div class="configuration-class after">
                <span class="method-name">tearDown</span>
                <span class="method-start">872279 ms</span>
              </div> <!-- configuration-class after -->
            </div> <!-- chronological-class -->
            <div class="chronological-class">
              <div class="chronological-class-name">com.stc.test.GetNewLine_Guest3</div> <!-- chronological-class-name -->
              <div class="configuration-class before">
                <span class="method-name">setUp(edge)</span>
                <span class="method-start">875602 ms</span>
              </div> <!-- configuration-class before -->
              <div class="test-method">
                <img src="failed.png">
                </img>
                <span class="method-name">SC_20_Guest_Internet_PrepaidScenario</span>
                <span class="method-start">879455 ms</span>
              </div> <!-- test-method -->
              <div class="configuration-class after">
                <span class="method-name">tearDown</span>
                <span class="method-start">972806 ms</span>
              </div> <!-- configuration-class after -->
            </div> <!-- chronological-class -->
            <div class="chronological-class">
              <div class="chronological-class-name">com.stc.test.GetNewLine_Guest4</div> <!-- chronological-class-name -->
              <div class="configuration-class before">
                <span class="method-name">setUp(edge)</span>
                <span class="method-start">976200 ms</span>
              </div> <!-- configuration-class before -->
              <div class="test-method">
                <img src="failed.png">
                </img>
                <span class="method-name">SC_20_Guest_Internet_PostpaidScenario</span>
                <span class="method-start">980450 ms</span>
              </div> <!-- test-method -->
              <div class="configuration-class after">
                <span class="method-name">tearDown</span>
                <span class="method-start">1015964 ms</span>
              </div> <!-- configuration-class after -->
            </div> <!-- chronological-class -->
            <div class="chronological-class">
              <div class="chronological-class-name">com.stc.test.HomeMenu</div> <!-- chronological-class-name -->
              <div class="configuration-class before">
                <span class="method-name">setUp(edge)</span>
                <span class="method-start">1019292 ms</span>
              </div> <!-- configuration-class before -->
              <div class="test-method">
                <img src="failed.png">
                </img>
                <span class="method-name">AllDeviceMenu</span>
                <span class="method-start">1023341 ms</span>
              </div> <!-- test-method -->
              <div class="test-method">
                <img src="failed.png">
                </img>
                <span class="method-name">PopularBrandMenu</span>
                <span class="method-start">1080171 ms</span>
              </div> <!-- test-method -->
              <div class="test-method">
                <span class="method-name">MoreFromSTCMenu</span>
                <span class="method-start">1124607 ms</span>
              </div> <!-- test-method -->
              <div class="test-method">
                <span class="method-name">MobilePostPaidMenu</span>
                <span class="method-start">1151636 ms</span>
              </div> <!-- test-method -->
              <div class="test-method">
                <img src="failed.png">
                </img>
                <span class="method-name">MobilePrepaidMenu</span>
                <span class="method-start">1258028 ms</span>
              </div> <!-- test-method -->
              <div class="configuration-class after">
                <span class="method-name">tearDown</span>
                <span class="method-start">1405708 ms</span>
              </div> <!-- configuration-class after -->
          </div> <!-- main-panel-content rounded-window-bottom -->
        </div> <!-- panel -->
      </div> <!-- main-panel-root -->
    </div> <!-- wrapper -->
  </body>
<script type="text/javascript" src="testng-reports2.js"></script>
</html>
